[2026-04-06 12:06:04] INFO GET / 200 0ms
[2026-04-06 12:06:06] INFO GET /favicon.ico 404 0ms
[2026-04-06 12:18:20] INFO GET / 200 0ms
[2026-04-06 12:18:34] INFO GET / 200 0ms
[2026-04-06 12:18:38] INFO GET / 200 0ms
[2026-04-06 12:18:43] INFO GET / 200 0ms
[2026-04-06 13:00:53] INFO GET / 200 0ms
[2026-04-06 13:01:00] INFO GET / 200 0ms
[2026-04-06 13:01:28] INFO GET / 200 0ms
[2026-04-06 13:03:29] INFO GET /robot.txt 404 0ms
[2026-04-06 13:03:40] INFO GET /robots.txt 200 83ms
[2026-04-06 13:05:56] INFO GET /favicon.ico 200 0ms
[2026-04-06 13:11:44] INFO GET / 200 0ms
[2026-04-06 13:11:51] INFO GET / 200 0ms
[2026-04-06 13:16:17] INFO GET / 200 0ms
[2026-04-06 13:16:41] INFO GET / 200 0ms
[2026-04-06 13:31:10] INFO 监控数据已重置
[2026-04-06 13:46:10] INFO 监控数据已重置
[2026-04-06 13:46:26] INFO GET /robots.txt 200 74ms
[2026-04-06 13:48:23] INFO GET / 200 0ms
[2026-04-06 13:50:47] INFO GET / 200 0ms
[2026-04-06 13:51:10] INFO GET / 200 0ms
[2026-04-06 13:51:13] INFO GET / 200 0ms
[2026-04-06 13:51:16] INFO GET / 200 0ms
[2026-04-06 13:51:18] INFO GET /favicon.ico 200 1ms
[2026-04-06 13:51:27] INFO GET / 200 0ms
