[2026-04-02 00:00:08] 
[2026-04-02 00:01:08] 
[2026-04-02 00:02:08] 
[2026-04-02 00:03:08] 
[2026-04-02 00:04:08] 
[2026-04-02 00:05:08] 
[2026-04-02 00:06:08] 
[2026-04-02 00:07:08] 
[2026-04-02 00:08:02] INFO GET /robots.txt 404 0ms
[2026-04-02 00:08:08] 
[2026-04-02 00:09:08] 
[2026-04-02 00:10:08] 
[2026-04-02 00:11:08] 
[2026-04-02 00:12:08] 
[2026-04-02 00:13:08] 
[2026-04-02 00:14:08] 
[2026-04-02 00:15:08] 
[2026-04-02 00:16:08] 
[2026-04-02 00:17:08] 
[2026-04-02 00:18:08] 
[2026-04-02 00:19:08] 
[2026-04-02 00:20:08] 
[2026-04-02 00:21:08] 
[2026-04-02 00:22:08] 
[2026-04-02 00:23:08] 
[2026-04-02 00:24:08] 
[2026-04-02 00:25:08] 
[2026-04-02 00:26:08] 
[2026-04-02 00:27:08] 
[2026-04-02 00:28:08] 
[2026-04-02 00:29:08] 
[2026-04-02 00:30:08] 
[2026-04-02 00:31:08] 
[2026-04-02 00:32:08] 
[2026-04-02 00:33:08] 
[2026-04-02 00:34:08] 
[2026-04-02 00:35:08] 
[2026-04-02 00:36:08] 
[2026-04-02 00:37:08] 
[2026-04-02 00:38:08] 
[2026-04-02 00:39:08] 
[2026-04-02 00:39:52] INFO GET /robots.txt 404 0ms
[2026-04-02 00:40:08] 
[2026-04-02 00:41:08] 
[2026-04-02 00:42:08] 
[2026-04-02 00:43:08] 
[2026-04-02 00:44:08] 
[2026-04-02 00:45:08] 
[2026-04-02 00:46:08] 
[2026-04-02 00:47:08] 
[2026-04-02 00:48:08] 
[2026-04-02 00:49:08] 
[2026-04-02 00:50:08] 
[2026-04-02 00:51:08] 
[2026-04-02 00:52:08] 
[2026-04-02 00:53:08] 
[2026-04-02 00:54:08] 
[2026-04-02 00:55:08] 
[2026-04-02 00:56:08] 
[2026-04-02 00:57:08] 
[2026-04-02 00:58:08] 
[2026-04-02 00:59:08] 
[2026-04-02 01:00:08] 
[2026-04-02 01:01:08] 
[2026-04-02 01:02:08] 
[2026-04-02 01:03:08] 
[2026-04-02 01:03:19] INFO GET / 200 0ms
[2026-04-02 01:04:08] 
[2026-04-02 01:05:08] 
[2026-04-02 01:06:08] 
[2026-04-02 01:07:08] 
[2026-04-02 01:08:08] 
[2026-04-02 01:09:08] 
[2026-04-02 01:10:08] 
[2026-04-02 01:11:08] 
[2026-04-02 01:12:08] 
[2026-04-02 01:13:08] 
[2026-04-02 01:14:08] 
[2026-04-02 01:15:08] 
[2026-04-02 01:16:08] 
[2026-04-02 01:17:08] 
[2026-04-02 01:18:08] 
[2026-04-02 01:19:08] 
[2026-04-02 01:20:08] 
[2026-04-02 01:21:08] 
[2026-04-02 01:22:06] 
[2026-04-02 01:23:06] 
[2026-04-02 01:24:06] 
[2026-04-02 01:25:06] 
[2026-04-02 01:26:06] 
[2026-04-02 01:27:06] 
[2026-04-02 01:28:06] 
[2026-04-02 01:29:06] 
[2026-04-02 01:30:06] 
[2026-04-02 01:31:06] 
[2026-04-02 01:32:06] 
[2026-04-02 01:33:06] 
[2026-04-02 01:34:06] 
[2026-04-02 01:35:06] 
[2026-04-02 01:36:06] 
[2026-04-02 01:37:06] 
[2026-04-02 01:38:06] 
[2026-04-02 01:39:06] 
[2026-04-02 01:40:06] 
[2026-04-02 01:41:06] 
[2026-04-02 01:42:06] 
[2026-04-02 01:43:06] 
[2026-04-02 01:44:06] 
[2026-04-02 01:45:06] 
[2026-04-02 01:46:06] 
[2026-04-02 01:47:06] 
[2026-04-02 01:48:06] 
[2026-04-02 01:49:06] 
[2026-04-02 01:50:06] 
[2026-04-02 01:51:06] 
[2026-04-02 01:52:06] 
[2026-04-02 01:53:06] 
[2026-04-02 01:54:06] 
[2026-04-02 01:55:06] 
[2026-04-02 01:56:06] 
[2026-04-02 01:57:06] 
[2026-04-02 01:58:06] 
[2026-04-02 01:59:06] 
[2026-04-02 02:00:06] 
[2026-04-02 02:01:06] 
[2026-04-02 02:02:06] 
[2026-04-02 02:03:06] 
[2026-04-02 02:04:06] 
[2026-04-02 02:05:06] 
[2026-04-02 02:06:06] 
[2026-04-02 02:07:06] 
[2026-04-02 02:08:06] 
[2026-04-02 02:09:06] 
[2026-04-02 02:10:06] 
[2026-04-02 02:11:06] 
[2026-04-02 02:12:06] 
[2026-04-02 02:13:06] 
[2026-04-02 02:14:06] 
[2026-04-02 02:15:06] 
[2026-04-02 02:16:06] 
[2026-04-02 02:17:06] 
[2026-04-02 02:18:06] 
[2026-04-02 02:19:06] 
[2026-04-02 02:20:06] 
[2026-04-02 02:21:06] 
[2026-04-02 02:22:06] 
[2026-04-02 02:23:06] 
[2026-04-02 02:24:06] 
[2026-04-02 02:25:06] 
[2026-04-02 02:26:06] 
[2026-04-02 02:27:06] 
[2026-04-02 02:28:06] 
[2026-04-02 02:29:06] 
[2026-04-02 02:30:06] 
[2026-04-02 02:31:06] 
[2026-04-02 02:32:06] 
[2026-04-02 02:33:06] 
[2026-04-02 02:34:06] 
[2026-04-02 02:35:06] 
[2026-04-02 02:36:06] 
[2026-04-02 02:37:06] 
[2026-04-02 02:38:06] 
[2026-04-02 02:39:06] 
[2026-04-02 02:40:06] 
[2026-04-02 02:41:06] 
[2026-04-02 02:42:06] 
[2026-04-02 02:43:06] 
[2026-04-02 02:44:06] 
[2026-04-02 02:45:06] 
[2026-04-02 02:45:38] INFO GET /robots.txt 404 0ms
[2026-04-02 02:46:06] 
[2026-04-02 02:47:06] 
[2026-04-02 02:48:06] 
[2026-04-02 02:49:06] 
[2026-04-02 02:50:06] 
[2026-04-02 02:51:06] 
[2026-04-02 02:52:06] 
[2026-04-02 02:53:06] 
[2026-04-02 02:54:06] 
[2026-04-02 02:55:06] 
[2026-04-02 02:56:06] 
[2026-04-02 02:57:06] 
[2026-04-02 02:58:06] 
[2026-04-02 02:59:06] 
[2026-04-02 03:00:06] 
[2026-04-02 03:01:06] 
[2026-04-02 03:02:06] 
[2026-04-02 03:03:06] 
[2026-04-02 03:04:06] 
[2026-04-02 03:05:06] 
[2026-04-02 03:06:06] 
[2026-04-02 03:07:06] 
[2026-04-02 03:08:06] 
[2026-04-02 03:09:06] 
[2026-04-02 03:10:06] 
[2026-04-02 03:11:06] 
[2026-04-02 03:12:06] 
[2026-04-02 03:13:06] 
[2026-04-02 03:14:06] 
[2026-04-02 03:15:06] 
[2026-04-02 03:16:06] 
[2026-04-02 03:17:06] 
[2026-04-02 03:18:06] 
[2026-04-02 03:19:06] 
[2026-04-02 03:20:06] 
[2026-04-02 03:21:06] 
[2026-04-02 03:22:06] 
[2026-04-02 03:23:06] 
[2026-04-02 03:24:06] 
[2026-04-02 03:25:06] 
[2026-04-02 03:26:06] 
[2026-04-02 03:27:06] 
[2026-04-02 03:28:06] 
[2026-04-02 03:29:06] 
[2026-04-02 03:30:06] 
[2026-04-02 03:31:06] 
[2026-04-02 03:32:06] 
[2026-04-02 03:33:06] 
[2026-04-02 03:34:06] 
[2026-04-02 03:35:06] 
[2026-04-02 03:36:06] 
[2026-04-02 03:37:06] 
[2026-04-02 03:38:06] 
[2026-04-02 03:39:06] 
[2026-04-02 03:40:06] 
[2026-04-02 03:41:06] 
[2026-04-02 03:42:06] 
[2026-04-02 03:43:06] 
[2026-04-02 03:44:06] 
[2026-04-02 03:45:06] 
[2026-04-02 03:46:06] 
[2026-04-02 03:47:06] 
[2026-04-02 03:48:06] 
[2026-04-02 03:48:45] INFO GET /robots.txt 404 0ms
[2026-04-02 03:49:06] 
[2026-04-02 03:50:06] 
[2026-04-02 03:51:06] 
[2026-04-02 03:52:06] 
[2026-04-02 03:53:06] 
[2026-04-02 03:54:06] 
[2026-04-02 03:55:06] 
[2026-04-02 03:56:06] 
[2026-04-02 03:57:06] 
[2026-04-02 03:58:06] 
[2026-04-02 03:59:06] 
[2026-04-02 04:00:06] 
[2026-04-02 04:01:06] 
[2026-04-02 04:02:06] 
[2026-04-02 04:03:06] 
[2026-04-02 04:04:06] 
[2026-04-02 04:05:06] 
[2026-04-02 04:06:06] 
[2026-04-02 04:07:06] 
[2026-04-02 04:08:06] 
[2026-04-02 04:09:06] 
[2026-04-02 04:10:06] 
[2026-04-02 04:11:06] 
[2026-04-02 04:12:06] 
[2026-04-02 04:13:06] 
[2026-04-02 04:14:06] 
[2026-04-02 04:15:06] 
[2026-04-02 04:16:06] 
[2026-04-02 04:17:06] 
[2026-04-02 04:18:06] 
[2026-04-02 04:19:06] 
[2026-04-02 04:20:06] 
[2026-04-02 04:21:06] 
[2026-04-02 04:22:06] 
[2026-04-02 04:23:06] 
[2026-04-02 04:24:06] 
[2026-04-02 04:25:06] 
[2026-04-02 04:26:06] 
[2026-04-02 04:27:06] 
[2026-04-02 04:28:06] 
[2026-04-02 04:29:06] 
[2026-04-02 04:30:06] 
[2026-04-02 04:31:06] 
[2026-04-02 04:32:06] 
[2026-04-02 04:33:06] 
[2026-04-02 04:34:06] 
[2026-04-02 04:35:06] 
[2026-04-02 04:36:06] 
[2026-04-02 04:37:06] 
[2026-04-02 04:38:06] 
[2026-04-02 04:39:06] 
[2026-04-02 04:40:06] 
[2026-04-02 04:41:06] 
[2026-04-02 04:42:06] 
[2026-04-02 04:43:06] 
[2026-04-02 04:44:06] 
[2026-04-02 04:45:06] 
[2026-04-02 04:46:06] 
[2026-04-02 04:47:06] 
[2026-04-02 04:48:06] 
[2026-04-02 04:49:06] 
[2026-04-02 04:50:06] 
[2026-04-02 04:51:06] 
[2026-04-02 04:52:06] 
[2026-04-02 04:53:06] 
[2026-04-02 04:54:06] 
[2026-04-02 04:55:06] 
[2026-04-02 04:56:06] 
[2026-04-02 04:57:06] 
[2026-04-02 04:58:06] 
[2026-04-02 04:59:06] 
[2026-04-02 05:00:06] 
[2026-04-02 05:01:06] 
[2026-04-02 05:01:18] INFO GET /robots.txt 404 0ms
[2026-04-02 05:02:06] 
[2026-04-02 05:03:06] 
[2026-04-02 05:04:06] 
[2026-04-02 05:05:06] 
[2026-04-02 05:06:06] 
[2026-04-02 05:07:06] 
[2026-04-02 05:08:06] 
[2026-04-02 05:09:06] 
[2026-04-02 05:10:06] 
[2026-04-02 05:11:06] 
[2026-04-02 05:12:06] 
[2026-04-02 05:13:06] 
[2026-04-02 05:14:06] 
[2026-04-02 05:15:06] 
[2026-04-02 05:15:47] INFO GET /.env.bak 404 0ms
[2026-04-02 05:15:48] INFO GET /.env.old 404 0ms
[2026-04-02 05:15:48] INFO GET /.env.example 404 0ms
[2026-04-02 05:15:50] INFO GET /.env.save 404 0ms
[2026-04-02 05:15:50] INFO GET /core/.env 404 0ms
[2026-04-02 05:15:51] INFO GET /api/.env 404 0ms
[2026-04-02 05:15:51] INFO GET /backend/.env 404 0ms
[2026-04-02 05:15:52] INFO GET /laravel/.env 404 0ms
[2026-04-02 05:15:52] INFO GET /app/.env 404 0ms
[2026-04-02 05:15:53] INFO GET /web/.env 404 0ms
[2026-04-02 05:15:53] INFO GET /src/.env 404 0ms
[2026-04-02 05:15:54] INFO GET /server/.env 404 0ms
[2026-04-02 05:15:54] INFO GET /config/.env 404 0ms
[2026-04-02 05:15:55] INFO GET /shared/.env 404 0ms
[2026-04-02 05:15:55] INFO GET /public/.env 404 0ms
[2026-04-02 05:15:56] INFO GET /_next/static/env.js 404 0ms
[2026-04-02 05:15:57] INFO GET /.vercel/.env.production.local 404 0ms
[2026-04-02 05:15:59] INFO GET /.git/config 404 0ms
[2026-04-02 05:15:59] INFO GET /actuator/env 404 0ms
[2026-04-02 05:16:00] INFO GET /debug/default/view 404 0ms
[2026-04-02 05:16:06] 
[2026-04-02 05:17:06] 
[2026-04-02 05:18:06] 
[2026-04-02 05:19:06] 
[2026-04-02 05:20:06] 
[2026-04-02 05:21:06] 
[2026-04-02 05:22:06] 
[2026-04-02 05:23:06] 
[2026-04-02 05:24:06] 
[2026-04-02 05:25:06] 
[2026-04-02 05:26:06] 
[2026-04-02 05:27:06] 
[2026-04-02 05:28:06] 
[2026-04-02 05:29:06] 
[2026-04-02 05:30:06] 
[2026-04-02 05:31:06] 
[2026-04-02 05:32:06] 
[2026-04-02 05:33:06] 
[2026-04-02 05:34:06] 
[2026-04-02 05:35:06] 
[2026-04-02 05:36:06] 
[2026-04-02 05:37:06] 
[2026-04-02 05:38:06] 
[2026-04-02 05:39:06] 
[2026-04-02 05:40:06] 
[2026-04-02 05:41:06] 
[2026-04-02 05:42:06] 
[2026-04-02 05:43:06] 
[2026-04-02 05:44:06] 
[2026-04-02 05:45:06] 
[2026-04-02 05:46:06] 
[2026-04-02 05:47:06] 
[2026-04-02 05:48:06] 
[2026-04-02 05:49:06] 
[2026-04-02 05:50:06] 
[2026-04-02 05:51:06] 
[2026-04-02 05:52:06] 
[2026-04-02 05:53:06] 
[2026-04-02 05:54:06] 
[2026-04-02 05:55:06] 
[2026-04-02 05:56:06] 
[2026-04-02 05:57:06] 
[2026-04-02 05:58:06] 
[2026-04-02 05:59:06] 
[2026-04-02 06:00:06] 
[2026-04-02 06:01:06] 
[2026-04-02 06:02:06] 
[2026-04-02 06:03:06] 
[2026-04-02 06:04:06] 
[2026-04-02 06:05:06] 
[2026-04-02 06:06:06] 
[2026-04-02 06:07:06] 
[2026-04-02 06:08:06] 
[2026-04-02 06:09:06] 
[2026-04-02 06:10:06] 
[2026-04-02 06:11:06] 
[2026-04-02 06:12:06] 
[2026-04-02 06:13:06] 
[2026-04-02 06:14:06] 
[2026-04-02 06:15:06] 
[2026-04-02 06:16:06] 
[2026-04-02 06:17:06] 
[2026-04-02 06:18:06] 
[2026-04-02 06:19:06] 
[2026-04-02 06:20:06] 
[2026-04-02 06:21:06] 
[2026-04-02 06:22:06] 
[2026-04-02 06:23:06] 
[2026-04-02 06:24:06] 
[2026-04-02 06:25:06] 
[2026-04-02 06:26:06] 
[2026-04-02 06:27:06] 
[2026-04-02 06:28:06] 
[2026-04-02 06:29:06] 
[2026-04-02 06:30:06] 
[2026-04-02 06:31:06] 
[2026-04-02 06:32:06] 
[2026-04-02 06:33:06] 
[2026-04-02 06:34:06] 
[2026-04-02 06:35:06] 
[2026-04-02 06:36:06] 
[2026-04-02 06:37:06] 
[2026-04-02 06:38:06] 
[2026-04-02 06:39:06] 
[2026-04-02 06:40:06] 
[2026-04-02 06:41:06] 
[2026-04-02 06:42:06] 
[2026-04-02 06:43:06] 
[2026-04-02 06:43:52] INFO GET /robots.txt 404 0ms
[2026-04-02 06:44:06] 
[2026-04-02 06:45:06] 
[2026-04-02 06:46:06] 
[2026-04-02 06:47:06] 
[2026-04-02 06:48:06] 
[2026-04-02 06:49:06] 
[2026-04-02 06:50:06] 
[2026-04-02 06:51:06] 
[2026-04-02 06:52:06] 
[2026-04-02 06:53:06] 
[2026-04-02 06:54:06] 
[2026-04-02 06:55:06] 
[2026-04-02 06:56:06] 
[2026-04-02 06:57:06] 
[2026-04-02 06:58:06] 
[2026-04-02 06:59:06] 
[2026-04-02 07:00:06] 
[2026-04-02 07:01:06] 
[2026-04-02 07:02:06] 
[2026-04-02 07:03:06] 
[2026-04-02 07:04:06] 
[2026-04-02 07:05:06] 
[2026-04-02 07:06:06] 
[2026-04-02 07:07:06] 
[2026-04-02 07:08:06] 
[2026-04-02 07:09:06] 
[2026-04-02 07:10:06] 
[2026-04-02 07:11:06] 
[2026-04-02 07:12:06] 
[2026-04-02 07:13:06] 
[2026-04-02 07:14:06] 
[2026-04-02 07:15:06] 
[2026-04-02 07:16:06] 
[2026-04-02 07:17:06] 
[2026-04-02 07:18:06] 
[2026-04-02 07:19:06] 
[2026-04-02 07:20:06] 
[2026-04-02 07:21:06] 
[2026-04-02 07:22:06] 
[2026-04-02 07:23:06] 
[2026-04-02 07:24:06] 
[2026-04-02 07:25:06] 
[2026-04-02 07:26:06] 
[2026-04-02 07:27:06] 
[2026-04-02 07:28:06] 
[2026-04-02 07:29:06] 
[2026-04-02 07:30:06] 
[2026-04-02 07:31:06] 
[2026-04-02 07:32:06] 
[2026-04-02 07:33:06] 
[2026-04-02 07:34:06] 
[2026-04-02 07:35:06] 
[2026-04-02 07:36:06] 
[2026-04-02 07:37:06] 
[2026-04-02 07:38:06] 
[2026-04-02 07:39:06] 
[2026-04-02 07:40:06] 
[2026-04-02 07:41:06] 
[2026-04-02 07:42:06] 
[2026-04-02 07:43:06] 
[2026-04-02 07:44:06] 
[2026-04-02 07:45:06] 
[2026-04-02 07:46:06] 
[2026-04-02 07:47:06] 
[2026-04-02 07:47:52] INFO GET /robots.txt 404 0ms
[2026-04-02 07:48:06] 
[2026-04-02 07:49:06] 
[2026-04-02 07:50:06] 
[2026-04-02 07:51:06] 
[2026-04-02 07:52:06] 
[2026-04-02 07:53:06] 
[2026-04-02 07:54:06] 
[2026-04-02 07:55:06] 
[2026-04-02 07:56:06] 
[2026-04-02 07:57:06] 
[2026-04-02 07:58:06] 
[2026-04-02 07:59:06] 
[2026-04-02 08:00:06] 
[2026-04-02 08:01:06] 
[2026-04-02 08:02:06] 
[2026-04-02 08:03:06] 
[2026-04-02 08:04:06] 
[2026-04-02 08:05:06] 
[2026-04-02 08:06:06] 
[2026-04-02 08:07:06] 
[2026-04-02 08:08:06] 
[2026-04-02 08:09:06] 
[2026-04-02 08:10:06] 
[2026-04-02 08:11:06] 
[2026-04-02 08:12:06] 
[2026-04-02 08:13:06] 
[2026-04-02 08:14:06] 
[2026-04-02 08:15:06] 
[2026-04-02 08:16:06] 
[2026-04-02 08:17:06] 
[2026-04-02 08:18:06] 
[2026-04-02 08:19:06] 
[2026-04-02 08:20:06] 
[2026-04-02 08:21:06] 
[2026-04-02 08:22:06] 
[2026-04-02 08:23:06] 
[2026-04-02 08:24:06] 
[2026-04-02 08:25:06] 
[2026-04-02 08:26:06] 
[2026-04-02 08:27:06] 
[2026-04-02 08:28:06] 
[2026-04-02 08:29:06] 
[2026-04-02 08:30:06] 
[2026-04-02 08:31:06] 
[2026-04-02 08:32:06] 
[2026-04-02 08:33:06] 
[2026-04-02 08:34:06] 
[2026-04-02 08:35:06] 
[2026-04-02 08:36:06] 
[2026-04-02 08:37:06] 
[2026-04-02 08:38:06] 
[2026-04-02 08:39:06] 
[2026-04-02 08:40:06] 
[2026-04-02 08:41:06] 
[2026-04-02 08:42:06] 
[2026-04-02 08:43:06] 
[2026-04-02 08:44:06] 
[2026-04-02 08:45:06] 
[2026-04-02 08:46:06] 
[2026-04-02 08:47:06] 
[2026-04-02 08:48:06] 
[2026-04-02 08:49:06] 
[2026-04-02 08:50:06] 
[2026-04-02 08:51:06] 
[2026-04-02 08:52:06] 
[2026-04-02 08:53:06] 
[2026-04-02 08:54:06] 
[2026-04-02 08:55:06] 
[2026-04-02 08:56:06] 
[2026-04-02 08:57:06] 
[2026-04-02 08:58:06] 
[2026-04-02 08:59:06] 
[2026-04-02 09:00:06] 
[2026-04-02 09:01:06] 
[2026-04-02 09:02:06] 
[2026-04-02 09:03:06] 
[2026-04-02 09:04:06] 
[2026-04-02 09:05:06] 
[2026-04-02 09:06:06] 
[2026-04-02 09:07:06] 
[2026-04-02 09:08:06] 
[2026-04-02 09:09:06] 
[2026-04-02 09:10:06] 
[2026-04-02 09:11:06] 
[2026-04-02 09:12:06] 
[2026-04-02 09:13:06] 
[2026-04-02 09:14:06] 
[2026-04-02 09:15:06] 
[2026-04-02 09:16:06] 
[2026-04-02 09:17:06] 
[2026-04-02 09:18:06] 
[2026-04-02 09:19:06] 
[2026-04-02 09:20:06] 
[2026-04-02 09:21:06] 
[2026-04-02 09:22:06] 
[2026-04-02 09:23:06] 
[2026-04-02 09:24:06] 
[2026-04-02 09:25:06] 
[2026-04-02 09:26:06] 
[2026-04-02 09:27:06] 
[2026-04-02 09:28:06] 
[2026-04-02 09:29:06] 
[2026-04-02 09:30:06] 
[2026-04-02 09:31:06] 
[2026-04-02 09:32:06] 
[2026-04-02 09:33:06] 
[2026-04-02 09:34:06] 
[2026-04-02 09:35:06] 
[2026-04-02 09:35:21] INFO GET /robots.txt 404 0ms
[2026-04-02 09:36:06] 
[2026-04-02 09:37:06] 
[2026-04-02 09:38:06] 
[2026-04-02 09:39:06] 
[2026-04-02 09:40:06] 
[2026-04-02 09:41:06] 
[2026-04-02 09:42:06] 
[2026-04-02 09:43:06] 
[2026-04-02 09:44:06] 
[2026-04-02 09:45:06] 
[2026-04-02 09:46:06] 
[2026-04-02 09:47:06] 
[2026-04-02 09:48:06] 
[2026-04-02 09:49:06] 
[2026-04-02 09:50:06] 
[2026-04-02 09:51:06] 
[2026-04-02 09:52:06] 
[2026-04-02 09:53:06] 
[2026-04-02 09:54:06] 
[2026-04-02 09:55:06] 
[2026-04-02 09:56:06] 
[2026-04-02 09:57:06] 
[2026-04-02 09:58:06] 
[2026-04-02 09:59:06] 
[2026-04-02 10:00:06] 
[2026-04-02 10:01:06] 
[2026-04-02 10:02:06] 
[2026-04-02 10:03:06] 
[2026-04-02 10:04:06] 
[2026-04-02 10:05:06] 
[2026-04-02 10:06:06] 
[2026-04-02 10:07:06] 
[2026-04-02 10:08:06] 
[2026-04-02 10:09:06] 
[2026-04-02 10:10:06] 
[2026-04-02 10:11:06] 
[2026-04-02 10:12:06] 
[2026-04-02 10:13:06] 
[2026-04-02 10:14:06] 
[2026-04-02 10:15:06] 
[2026-04-02 10:16:06] 
[2026-04-02 10:17:06] 
[2026-04-02 10:18:06] 
[2026-04-02 10:19:06] 
[2026-04-02 10:20:06] 
[2026-04-02 10:21:06] 
[2026-04-02 10:22:06] 
[2026-04-02 10:23:06] 
[2026-04-02 10:24:06] 
[2026-04-02 10:25:06] 
[2026-04-02 10:26:06] 
[2026-04-02 10:27:06] 
[2026-04-02 10:28:03] 
[2026-04-02 10:29:03] 
[2026-04-02 10:30:03] 
[2026-04-02 10:31:03] 
[2026-04-02 10:32:03] 
[2026-04-02 10:33:03] 
[2026-04-02 10:34:03] 
[2026-04-02 10:35:03] 
[2026-04-02 10:36:03] 
[2026-04-02 10:37:03] 
[2026-04-02 10:38:03] 
[2026-04-02 10:39:03] 
[2026-04-02 10:40:03] 
[2026-04-02 10:41:03] 
[2026-04-02 10:42:03] 
[2026-04-02 10:43:03] 
[2026-04-02 10:44:03] 
[2026-04-02 10:45:03] 
[2026-04-02 10:46:03] 
[2026-04-02 10:47:03] 
[2026-04-02 10:48:03] 
[2026-04-02 10:49:03] 
[2026-04-02 10:50:03] 
[2026-04-02 10:51:03] 
[2026-04-02 10:52:03] 
[2026-04-02 10:53:03] 
[2026-04-02 10:54:03] 
[2026-04-02 10:55:03] 
[2026-04-02 10:56:03] 
[2026-04-02 10:57:03] 
[2026-04-02 10:58:03] 
[2026-04-02 10:59:03] 
[2026-04-02 11:00:03] 
[2026-04-02 11:01:03] 
[2026-04-02 11:02:03] 
[2026-04-02 11:03:03] 
[2026-04-02 11:04:03] 
[2026-04-02 11:05:03] 
[2026-04-02 11:06:03] 
[2026-04-02 11:07:03] 
[2026-04-02 11:08:03] 
[2026-04-02 11:09:03] 
[2026-04-02 11:10:03] 
[2026-04-02 11:11:03] 
[2026-04-02 11:12:03] 
[2026-04-02 11:13:03] 
[2026-04-02 11:14:03] 
[2026-04-02 11:15:03] 
[2026-04-02 11:16:03] 
[2026-04-02 11:17:03] 
[2026-04-02 11:18:03] 
[2026-04-02 11:19:03] 
[2026-04-02 11:20:03] 
[2026-04-02 11:21:03] 
[2026-04-02 11:22:03] 
[2026-04-02 11:23:03] 
[2026-04-02 11:24:03] 
[2026-04-02 11:25:03] 
[2026-04-02 11:26:03] 
[2026-04-02 11:27:03] 
[2026-04-02 11:28:03] 
[2026-04-02 11:29:03] 
[2026-04-02 11:30:03] 
[2026-04-02 11:31:03] 
[2026-04-02 11:32:03] 
[2026-04-02 11:33:03] 
[2026-04-02 11:34:03] 
[2026-04-02 11:35:03] 
[2026-04-02 11:36:03] 
[2026-04-02 11:37:03] 
[2026-04-02 11:38:03] 
[2026-04-02 11:39:03] 
[2026-04-02 11:40:03] 
[2026-04-02 11:41:03] 
[2026-04-02 11:41:08] INFO GET /favicon.ico 404 0ms
[2026-04-02 11:41:14] INFO GET / 200 0ms
[2026-04-02 11:41:20] INFO GET / 200 0ms
[2026-04-02 11:42:03] 
[2026-04-02 11:43:03] 
[2026-04-02 11:44:03] 
[2026-04-02 11:45:03] 
[2026-04-02 11:46:03] 
[2026-04-02 11:47:03] 
[2026-04-02 11:47:44] INFO GET / 200 0ms
[2026-04-02 11:48:03] 
[2026-04-02 11:49:03] 
[2026-04-02 11:50:03] 
[2026-04-02 11:51:03] 
[2026-04-02 11:52:03] 
[2026-04-02 11:53:03] 
[2026-04-02 11:54:03] 
[2026-04-02 11:55:03] 
[2026-04-02 11:56:03] 
[2026-04-02 11:57:03] 
[2026-04-02 11:58:03] 
[2026-04-02 11:59:03] 
[2026-04-02 12:00:03] 
[2026-04-02 12:01:03] 
[2026-04-02 12:02:03] 
[2026-04-02 12:03:03] 
[2026-04-02 12:04:03] 
[2026-04-02 12:05:03] 
[2026-04-02 12:06:03] 
[2026-04-02 12:07:03] 
[2026-04-02 12:08:03] 
[2026-04-02 12:09:03] 
[2026-04-02 12:10:03] 
[2026-04-02 12:11:03] 
[2026-04-02 12:11:22] INFO GET /robots.txt 404 0ms
[2026-04-02 12:12:03] 
[2026-04-02 12:13:03] 
[2026-04-02 12:14:03] 
[2026-04-02 12:15:03] 
[2026-04-02 12:16:03] 
[2026-04-02 12:17:03] 
[2026-04-02 12:18:03] 
[2026-04-02 12:19:03] 
