[2026-04-22 21:09:53] INFO 监控数据已重置
[2026-04-22 21:38:23] INFO 监控数据已重置
[2026-04-22 21:53:23] INFO 监控数据已重置
[2026-04-22 22:07:11] INFO GET /api/settings 404 0ms
[2026-04-22 22:07:18] INFO GET /api/chain/list 401 18ms
[2026-04-22 22:08:23] INFO 监控数据已重置
[2026-04-22 22:08:30] INFO GET /api/settings 404 0ms
[2026-04-22 22:08:38] INFO GET /api/settings 404 0ms
[2026-04-22 22:08:39] INFO GET /api/settings 404 0ms
[2026-04-22 22:08:54] INFO GET /api/settings 404 0ms
[2026-04-22 22:08:59] INFO POST /users/logout 404 0ms
[2026-04-22 22:09:00] INFO POST /users/logout 404 0ms
[2026-04-22 22:09:01] INFO GET /api/settings 404 0ms
[2026-04-22 22:09:32] INFO POST /users/register 200 33ms
[2026-04-22 22:09:58] INFO POST /users/login 200 9ms
[2026-04-22 22:10:14] INFO GET /api/chain/list 200 2ms
[2026-04-22 22:12:04] INFO GET /api/chain/list 200 0ms
[2026-04-22 22:13:46] INFO GET /api/settings 404 0ms
[2026-04-22 22:13:50] INFO POST /users/logout 404 0ms
[2026-04-22 22:13:51] INFO POST /users/logout 404 0ms
[2026-04-22 22:13:52] INFO GET /api/settings 404 0ms
[2026-04-22 22:13:57] INFO POST /users/login 200 6ms
[2026-04-22 22:14:04] INFO GET /api/chain/list 200 1ms
[2026-04-22 22:14:40] INFO POST /api/chain/create 200 1ms
[2026-04-22 22:14:46] INFO POST /api/chain/create 200 4ms
[2026-04-22 22:15:11] INFO POST /api/chain/create 200 1ms
[2026-04-22 22:15:17] INFO GET /api/chain/list 200 1ms
[2026-04-22 22:15:20] INFO GET /api/chain/chain-001 404 0ms
[2026-04-22 22:15:21] INFO GET /api/chain/chain-001 404 0ms
[2026-04-22 22:15:27] INFO GET /api/chain/chain-001 404 1ms
[2026-04-22 22:15:33] INFO GET /api/chain/chain-001 404 1ms
[2026-04-22 22:16:04] INFO GET /api/board/list 200 1ms
[2026-04-22 22:16:09] INFO GET /api/board/list 200 1ms
[2026-04-22 22:16:11] INFO GET /api/settings 404 0ms
[2026-04-22 22:19:54] INFO GET /api/settings 404 0ms
[2026-04-22 22:20:00] INFO GET /api/settings 404 0ms
[2026-04-22 22:20:03] INFO GET /api/chain/list 200 1ms
[2026-04-22 22:20:06] INFO GET /api/chain/list 200 0ms
[2026-04-22 22:20:08] INFO GET /api/board/list 200 0ms
[2026-04-22 22:20:09] INFO GET /api/settings 404 0ms
[2026-04-22 22:20:11] INFO GET /api/chain/list 200 0ms
[2026-04-22 22:20:15] INFO GET /api/settings 404 0ms
[2026-04-22 22:21:52] INFO GET /api/settings 404 0ms
[2026-04-22 22:21:54] INFO GET /api/board/list 200 1ms
[2026-04-22 22:21:57] INFO GET /api/board/list 200 0ms
[2026-04-22 22:21:59] INFO GET /api/chain/list 200 0ms
[2026-04-22 22:22:00] INFO GET /api/board/list 200 0ms
[2026-04-22 22:23:23] INFO 监控数据已重置
[2026-04-22 22:25:03] INFO GET /api/settings 404 0ms
[2026-04-22 22:25:04] INFO GET /api/settings 404 0ms
[2026-04-22 22:25:07] INFO GET /api/settings 404 0ms
[2026-04-22 22:25:09] INFO POST /users/logout 404 0ms
[2026-04-22 22:25:10] INFO GET /api/settings 404 0ms
[2026-04-22 22:25:12] INFO POST /users/login 200 399ms
[2026-04-22 22:25:16] INFO GET /api/chain/list 200 0ms
[2026-04-22 22:25:24] INFO GET /api/board/list 200 1ms
[2026-04-22 22:25:24] INFO GET /api/chain/list 200 0ms
[2026-04-22 22:25:31] INFO GET /api/board/list 200 0ms
[2026-04-22 22:25:32] INFO GET /api/chain/list 200 0ms
[2026-04-22 22:25:36] INFO GET /api/settings 404 0ms
[2026-04-22 22:25:38] INFO GET /api/settings 404 0ms
[2026-04-22 22:25:44] INFO GET /api/settings 404 0ms
[2026-04-22 22:25:50] INFO GET /api/board/list 200 1ms
[2026-04-22 22:25:53] INFO GET /api/chain/list 200 0ms
[2026-04-22 22:25:57] INFO GET /api/board/list 200 0ms
[2026-04-22 22:31:33] INFO GET /api/board/list 200 1ms
[2026-04-22 22:31:40] INFO GET /api/chain/list 200 1ms
[2026-04-22 22:31:43] INFO GET /api/board/list 200 0ms
[2026-04-22 22:31:46] INFO GET /api/settings 404 0ms
[2026-04-22 22:31:48] INFO GET /api/settings 404 0ms
[2026-04-22 22:31:55] INFO GET /api/settings 404 0ms
[2026-04-22 22:32:00] INFO GET /api/settings 404 0ms
[2026-04-22 22:32:01] INFO POST /users/logout 404 0ms
[2026-04-22 22:32:02] INFO GET /api/settings 404 0ms
[2026-04-22 22:32:09] INFO POST /users/login 400 1ms
[2026-04-22 22:32:23] INFO POST /users/login 200 4ms
[2026-04-22 22:32:28] INFO GET /api/chain/list 200 1ms
[2026-04-22 22:32:51] INFO POST /api/chain/create 200 1ms
[2026-04-22 22:33:12] INFO POST /api/chain/create 200 1ms
[2026-04-22 22:33:22] INFO GET /api/board/list 200 1ms
[2026-04-22 22:33:47] INFO POST /api/board/create 200 1ms
[2026-04-22 22:33:48] INFO POST /api/board/create 500 0ms
[2026-04-22 22:33:50] INFO GET /api/board/list 200 0ms
[2026-04-22 22:33:58] INFO POST /api/board/create 500 1ms
[2026-04-22 22:36:47] INFO GET / 200 0ms
[2026-04-22 22:36:48] INFO GET /favicon.ico 200 116ms
[2026-04-22 22:38:23] INFO 监控数据已重置
[2026-04-22 22:39:05] INFO GET /api/settings 404 0ms
[2026-04-22 22:53:23] INFO 监控数据已重置
[2026-04-22 23:08:23] INFO 监控数据已重置
[2026-04-22 23:23:23] INFO 监控数据已重置
[2026-04-22 23:32:15] INFO GET /api/settings 404 0ms
[2026-04-22 23:32:18] INFO GET /api/settings 404 0ms
[2026-04-22 23:32:21] INFO GET /api/settings 404 0ms
[2026-04-22 23:32:24] INFO GET /api/chain/list 401 25ms
[2026-04-22 23:32:43] INFO GET /api/settings 404 0ms
[2026-04-22 23:32:47] INFO GET /api/settings 404 0ms
[2026-04-22 23:32:50] INFO GET /api/settings 404 0ms
[2026-04-22 23:32:52] INFO POST /users/logout 404 0ms
[2026-04-22 23:32:53] INFO POST /users/logout 404 0ms
[2026-04-22 23:32:53] INFO POST /users/logout 404 0ms
[2026-04-22 23:32:54] INFO GET /api/settings 404 0ms
[2026-04-22 23:33:35] INFO POST /users/login 400 1ms
[2026-04-22 23:33:47] INFO POST /users/login 400 0ms
[2026-04-22 23:34:00] INFO POST /users/login 200 35ms
[2026-04-22 23:34:14] INFO POST /users/login 200 21ms
[2026-04-22 23:34:21] INFO GET /api/chain/list 200 1ms
[2026-04-22 23:34:23] INFO GET /api/board/list 200 0ms
[2026-04-22 23:34:57] INFO GET /api/settings 404 0ms
[2026-04-22 23:34:59] INFO GET /api/chain/list 200 1ms
[2026-04-22 23:35:05] INFO GET /api/board/list 200 1ms
[2026-04-22 23:35:14] INFO GET /api/board/list 200 1ms
[2026-04-22 23:37:33] INFO GET /api/board/list 200 1ms
[2026-04-22 23:38:23] INFO 监控数据已重置
[2026-04-22 23:42:47] INFO GET /api/settings 404 0ms
[2026-04-22 23:43:41] INFO GET /api/settings 404 0ms
[2026-04-22 23:43:43] INFO GET /api/settings 404 0ms
[2026-04-22 23:43:45] INFO GET /api/settings 404 0ms
[2026-04-22 23:43:46] INFO POST /users/logout 404 0ms
[2026-04-22 23:43:47] INFO GET /api/settings 404 0ms
[2026-04-22 23:44:59] INFO POST /users/register 500 793ms
[2026-04-22 23:45:08] INFO POST /users/register 500 2ms
[2026-04-22 23:46:22] INFO POST /users/register 500 1ms
[2026-04-22 23:47:30] INFO POST /users/register 500 748ms
[2026-04-22 23:49:26] INFO POST /users/register 500 2ms
[2026-04-22 23:50:33] INFO POST /users/register 500 2ms
[2026-04-22 23:50:44] INFO POST /users/login 200 23ms
[2026-04-22 23:51:35] INFO POST /users/logout 404 0ms
[2026-04-22 23:53:23] INFO 监控数据已重置
[2026-04-22 23:55:57] INFO POST /users/register 500 3ms
[2026-04-22 23:56:00] INFO POST /users/register 500 2ms
