[2026-04-27 16:38:54] INFO GET / 200 1ms
[2026-04-27 16:38:56] INFO GET /favicon.ico 200 101ms
[2026-04-27 16:44:26] INFO GET /api/settings 404 0ms
[2026-04-27 16:44:27] INFO GET /api/settings 404 0ms
[2026-04-27 16:52:45] INFO 监控数据已重置
[2026-04-27 16:57:11] INFO GET /robots.txt 304 9ms
[2026-04-27 17:07:45] INFO 监控数据已重置
[2026-04-27 17:09:12] INFO GET /terminal 404 0ms
[2026-04-27 17:20:34] INFO OPTIONS /users/login 404 0ms
[2026-04-27 17:21:42] INFO GET / 200 0ms
[2026-04-27 17:21:49] INFO GET /favicon.ico 200 0ms
[2026-04-27 17:22:45] INFO 监控数据已重置
[2026-04-27 17:32:02] INFO POST /users/login 400 7ms
[2026-04-27 17:32:52] INFO GET /api/settings 404 0ms
[2026-04-27 17:32:58] INFO POST /users/login 400 0ms
[2026-04-27 17:34:50] INFO POST /users/login 400 0ms
[2026-04-27 17:35:28] INFO POST /users/register 400 0ms
[2026-04-27 17:36:04] INFO POST /users/register 400 0ms
[2026-04-27 17:36:37] INFO POST /users/logout 404 0ms
[2026-04-27 17:36:38] INFO GET /api/settings 404 0ms
[2026-04-27 17:37:12] INFO POST /users/register 500 5ms
[2026-04-27 17:37:45] INFO 监控数据已重置
[2026-04-27 17:39:54] INFO POST /users/register 400 0ms
[2026-04-27 17:52:45] INFO 监控数据已重置
[2026-04-27 18:07:45] INFO 监控数据已重置
[2026-04-27 19:32:07] INFO GET /api/photo/latest 404 0ms
[2026-04-27 19:36:12] INFO GET /api/photo/latest 404 0ms
[2026-04-27 19:36:12] INFO GET /api/chain/list 401 12ms
[2026-04-27 19:36:19] INFO GET /api/photo/latest 404 0ms
[2026-04-27 19:36:26] INFO GET /api/board/list 401 9ms
[2026-04-27 19:37:14] INFO GET / 200 0ms
[2026-04-27 19:38:46] INFO POST /users/login 400 0ms
[2026-04-27 19:40:53] INFO GET / 200 0ms
[2026-04-27 19:40:54] INFO GET / 200 0ms
[2026-04-27 19:41:14] INFO GET / 200 0ms
[2026-04-27 19:42:25] INFO GET / 200 0ms
[2026-04-27 19:43:42] INFO GET / 200 0ms
[2026-04-27 19:43:50] INFO GET /api/settings 404 0ms
[2026-04-27 19:43:51] INFO POST /users/logout 404 0ms
[2026-04-27 19:43:55] INFO POST /users/logout 404 0ms
[2026-04-27 19:43:56] INFO POST /users/login 200 10ms
[2026-04-27 19:44:14] INFO POST /users/login 200 468ms
[2026-04-27 19:45:50] INFO 监控数据已重置
[2026-04-27 19:49:15] INFO POST /users/login 500 1ms
[2026-04-27 19:49:57] INFO GET / 200 0ms
[2026-04-27 19:49:57] INFO GET /favicon.ico 304 7ms
[2026-04-27 20:00:47] INFO 监控数据已重置
[2026-04-27 20:02:04] INFO GET / 200 0ms
[2026-04-27 20:15:47] INFO 监控数据已重置
[2026-04-27 20:30:47] INFO 监控数据已重置
[2026-04-27 20:45:47] INFO 监控数据已重置
[2026-04-27 21:00:47] INFO 监控数据已重置
[2026-04-27 21:15:47] INFO 监控数据已重置
