[2026-04-14 16:47:33] INFO GET / 200 0ms
[2026-04-14 16:47:35] INFO GET /favicon.ico 200 94ms
[2026-04-14 16:48:14] INFO GET / 200 0ms
[2026-04-14 16:48:30] INFO GET / 200 0ms
[2026-04-14 16:48:42] INFO GET / 200 0ms
[2026-04-14 16:48:43] INFO GET /favicon.ico 200 0ms
[2026-04-14 17:01:29] INFO 监控数据已重置
[2026-04-14 17:12:40] INFO GET / 200 0ms
[2026-04-14 17:16:29] INFO 监控数据已重置
[2026-04-14 17:27:24] INFO GET / 200 0ms
[2026-04-14 17:31:29] INFO 监控数据已重置
[2026-04-14 17:37:34] INFO POST /users/register 200 41ms
[2026-04-14 17:37:39] INFO POST /users/login 200 41ms
[2026-04-14 17:38:00] INFO GET / 200 0ms
[2026-04-14 17:38:16] INFO POST /users/register 200 6ms
[2026-04-14 17:38:18] INFO POST /users/login 200 6ms
[2026-04-14 17:42:57] INFO POST /users/register 200 3ms
[2026-04-14 17:42:58] INFO POST /users/login 200 4ms
[2026-04-14 17:46:29] INFO 监控数据已重置
[2026-04-14 18:01:29] INFO 监控数据已重置
[2026-04-14 18:17:30] INFO 监控数据已重置
[2026-04-14 18:32:30] INFO 监控数据已重置
[2026-04-14 18:47:30] INFO 监控数据已重置
[2026-04-14 18:59:39] INFO GET /robots.txt 304 0ms
[2026-04-14 19:02:30] INFO 监控数据已重置
[2026-04-14 19:14:07] INFO POST /users/register 200 15ms
[2026-04-14 19:14:08] INFO POST /users/login 200 11ms
[2026-04-14 19:14:09] INFO POST /api/sensor/message 404 0ms
[2026-04-14 19:16:30] INFO POST /users/register 200 3ms
[2026-04-14 19:16:32] INFO POST /users/login 200 4ms
[2026-04-14 19:17:00] INFO POST /mavlink/v2/sensor-alert 500 27149ms
[2026-04-14 19:17:00] WARN 🚨 慢请求警告: POST /mavlink/v2/sensor-alert 耗时 27.1491493s
[2026-04-14 19:17:30] INFO 监控数据已重置
[2026-04-14 19:20:19] INFO POST /users/register 200 3ms
[2026-04-14 19:20:20] INFO POST /users/login 200 4ms
[2026-04-14 19:20:51] INFO POST /mavlink/v2/sensor-alert 500 30063ms
[2026-04-14 19:20:51] WARN 🚨 慢请求警告: POST /mavlink/v2/sensor-alert 耗时 30.0633557s
[2026-04-14 19:23:39] INFO GET /.env 404 0ms
[2026-04-14 19:23:39] WARN 🚨 可疑访问警告: IP[2a14:7c1:400::1] 访问敏感路径[/.env]
[2026-04-14 19:28:02] INFO POST /users/register 200 3ms
[2026-04-14 19:28:03] INFO POST /users/login 200 20ms
[2026-04-14 19:28:04] INFO POST /api/sensor/message 404 2ms
[2026-04-14 19:30:37] INFO POST /users/register 200 2ms
[2026-04-14 19:30:39] INFO POST /users/login 200 4ms
[2026-04-14 19:30:39] INFO POST /sensor/message 200 0ms
[2026-04-14 19:32:12] INFO POST /users/register 200 3ms
[2026-04-14 19:32:15] INFO POST /users/login 200 19ms
[2026-04-14 19:32:15] INFO POST /sensor/message 404 0ms
[2026-04-14 19:35:35] INFO POST /users/register 200 3ms
[2026-04-14 19:35:35] INFO GET /api/sensor/message 404 0ms
[2026-04-14 19:35:36] INFO POST /users/login 200 4ms
[2026-04-14 19:35:59] INFO GET /api 404 0ms
[2026-04-14 19:36:11] INFO GET /users/login 404 0ms
[2026-04-14 19:37:10] INFO POST /users/register 200 3ms
[2026-04-14 19:37:11] INFO POST /users/login 200 3ms
[2026-04-14 19:37:11] INFO POST /api/sensor/message 200 1ms
[2026-04-14 19:41:53] INFO GET / 200 0ms
[2026-04-14 19:41:54] INFO GET /favicon.ico 200 84ms
[2026-04-14 19:42:23] INFO GET / 200 0ms
[2026-04-14 19:46:38] INFO 监控数据已重置
[2026-04-14 20:01:38] INFO 监控数据已重置
[2026-04-14 20:15:46] INFO GET / 200 0ms
[2026-04-14 20:16:38] INFO 监控数据已重置
[2026-04-14 20:19:19] INFO GET / 200 0ms
[2026-04-14 20:19:20] INFO GET / 200 0ms
[2026-04-14 20:26:20] INFO OPTIONS /users/login 404 0ms
[2026-04-14 20:31:38] INFO 监控数据已重置
[2026-04-14 20:32:02] INFO POST /users/login 400 0ms
[2026-04-14 20:38:47] INFO GET /api/settings 404 0ms
[2026-04-14 20:38:47] INFO GET /mavlink/v1/drone/status 401 17ms
[2026-04-14 20:38:47] INFO GET /mavlink/v1/drone/position 401 0ms
[2026-04-14 20:42:17] INFO POST /users/login 400 1ms
[2026-04-14 20:42:35] INFO GET /api/board/list 401 1ms
[2026-04-14 20:42:35] INFO GET /api/chain/list 401 0ms
[2026-04-14 20:42:42] INFO GET / 200 0ms
[2026-04-14 20:46:38] INFO 监控数据已重置
[2026-04-14 20:55:27] INFO GET /users/login 404 0ms
[2026-04-14 20:55:28] INFO GET /favicon.ico 200 0ms
[2026-04-14 20:55:31] INFO GET / 200 0ms
[2026-04-14 21:01:38] INFO 监控数据已重置
[2026-04-14 21:16:38] INFO 监控数据已重置
[2026-04-14 21:18:38] INFO GET / 200 0ms
[2026-04-14 21:19:56] INFO POST /users/register 200 12ms
[2026-04-14 21:19:58] INFO POST /users/login 200 364ms
[2026-04-14 21:19:59] INFO POST /api/sensor/message 200 0ms
[2026-04-14 21:22:20] INFO POST /api/sensor/message 200 0ms
[2026-04-14 21:22:29] INFO POST /api/sensor/message 200 0ms
[2026-04-14 21:22:39] INFO POST /api/sensor/message 200 0ms
[2026-04-14 21:22:47] INFO POST /api/sensor/message 200 0ms
[2026-04-14 21:22:57] INFO POST /api/sensor/message 200 2ms
[2026-04-14 21:23:06] INFO POST /api/sensor/message 200 0ms
[2026-04-14 21:23:15] INFO POST /api/sensor/message 200 0ms
[2026-04-14 21:23:23] INFO POST /api/sensor/message 200 0ms
[2026-04-14 21:23:38] INFO POST /api/sensor/message 200 1ms
[2026-04-14 21:23:48] INFO POST /api/sensor/message 200 2ms
[2026-04-14 21:23:57] INFO POST /api/sensor/message 200 0ms
[2026-04-14 21:24:09] INFO POST /api/sensor/message 200 0ms
[2026-04-14 21:24:18] INFO POST /api/sensor/message 200 0ms
[2026-04-14 21:24:29] INFO POST /api/sensor/message 200 0ms
[2026-04-14 21:24:37] INFO POST /api/sensor/message 200 0ms
[2026-04-14 21:24:47] INFO POST /api/sensor/message 200 0ms
[2026-04-14 21:25:01] INFO POST /api/sensor/message 200 0ms
[2026-04-14 21:25:13] INFO POST /api/sensor/message 200 0ms
[2026-04-14 21:25:24] INFO POST /api/sensor/message 200 0ms
[2026-04-14 21:25:35] INFO POST /api/sensor/message 200 0ms
[2026-04-14 21:25:45] INFO POST /api/sensor/message 200 0ms
[2026-04-14 21:25:55] INFO POST /api/sensor/message 200 0ms
[2026-04-14 21:26:05] INFO POST /api/sensor/message 200 0ms
[2026-04-14 21:26:14] INFO POST /api/sensor/message 200 0ms
[2026-04-14 21:26:24] INFO POST /api/sensor/message 200 0ms
[2026-04-14 21:26:33] INFO POST /api/sensor/message 200 0ms
[2026-04-14 21:26:43] INFO POST /api/sensor/message 200 1ms
[2026-04-14 21:26:56] INFO POST /api/sensor/message 200 408ms
[2026-04-14 21:27:05] INFO POST /api/sensor/message 200 0ms
[2026-04-14 21:27:16] INFO POST /api/sensor/message 200 1ms
[2026-04-14 21:27:24] INFO POST /api/sensor/message 200 0ms
[2026-04-14 21:27:33] INFO POST /api/sensor/message 200 0ms
[2026-04-14 21:27:42] INFO POST /api/sensor/message 200 0ms
[2026-04-14 21:31:38] INFO 监控数据已重置
[2026-04-14 21:46:38] INFO 监控数据已重置
[2026-04-14 22:01:34] INFO 监控数据已重置
[2026-04-14 22:13:47] INFO POST /api/sensor/message 400 5ms
[2026-04-14 22:13:57] INFO POST /api/sensor/message 400 0ms
[2026-04-14 22:14:10] INFO POST /api/sensor/message 400 0ms
[2026-04-14 22:14:18] INFO POST /api/sensor/message 400 1ms
[2026-04-14 22:14:26] INFO POST /api/sensor/message 400 0ms
[2026-04-14 22:14:35] INFO POST /api/sensor/message 400 0ms
[2026-04-14 22:14:42] INFO POST /api/sensor/message 400 0ms
[2026-04-14 22:14:50] INFO POST /api/sensor/message 400 0ms
[2026-04-14 22:15:25] INFO POST /api/sensor/message 400 0ms
[2026-04-14 22:15:38] INFO POST /api/sensor/message 400 0ms
[2026-04-14 22:15:49] INFO POST /api/sensor/message 400 0ms
[2026-04-14 22:15:57] INFO POST /api/sensor/message 400 0ms
[2026-04-14 22:16:06] INFO POST /api/sensor/message 400 0ms
[2026-04-14 22:16:26] INFO POST /api/sensor/message 200 7ms
[2026-04-14 22:16:34] INFO 监控数据已重置
[2026-04-14 22:16:35] INFO POST /api/sensor/message 200 0ms
[2026-04-14 22:16:42] INFO POST /api/sensor/message 200 0ms
[2026-04-14 22:16:55] INFO POST /api/sensor/message 200 252ms
[2026-04-14 22:17:03] INFO POST /api/sensor/message 200 0ms
[2026-04-14 22:17:13] INFO POST /api/sensor/message 200 0ms
[2026-04-14 22:17:27] INFO POST /api/sensor/message 400 0ms
[2026-04-14 22:17:44] INFO POST /api/sensor/message 400 0ms
[2026-04-14 22:18:00] INFO POST /api/sensor/message 400 0ms
[2026-04-14 22:18:10] INFO POST /api/sensor/message 200 0ms
[2026-04-14 22:18:18] INFO POST /api/sensor/message 200 0ms
[2026-04-14 22:18:26] INFO POST /api/sensor/message 200 0ms
[2026-04-14 22:18:34] INFO POST /api/sensor/message 200 0ms
[2026-04-14 22:18:42] INFO POST /api/sensor/message 200 0ms
[2026-04-14 22:18:50] INFO POST /api/sensor/message 200 279ms
[2026-04-14 22:18:58] INFO GET /robots.txt 304 6ms
[2026-04-14 22:18:58] INFO POST /api/sensor/message 200 1ms
[2026-04-14 22:19:06] INFO POST /api/sensor/message 200 0ms
[2026-04-14 22:19:15] INFO POST /api/sensor/message 200 0ms
[2026-04-14 22:19:24] INFO POST /api/sensor/message 200 0ms
[2026-04-14 22:19:32] INFO POST /api/sensor/message 200 0ms
[2026-04-14 22:19:39] INFO POST /api/sensor/message 200 1ms
[2026-04-14 22:19:48] INFO POST /api/sensor/message 200 0ms
[2026-04-14 22:19:58] INFO POST /api/sensor/message 200 0ms
[2026-04-14 22:22:25] INFO POST /api/sensor/message 400 0ms
[2026-04-14 22:22:35] INFO POST /api/sensor/message 400 0ms
[2026-04-14 22:22:43] INFO POST /api/sensor/message 400 0ms
[2026-04-14 22:22:50] INFO POST /api/sensor/message 400 0ms
[2026-04-14 22:23:00] INFO POST /api/sensor/message 400 0ms
[2026-04-14 22:23:10] INFO POST /api/sensor/message 400 0ms
[2026-04-14 22:23:21] INFO POST /api/sensor/message 400 0ms
[2026-04-14 22:23:38] INFO POST /api/sensor/message 400 0ms
[2026-04-14 22:23:48] INFO POST /api/sensor/message 400 0ms
[2026-04-14 22:24:00] INFO POST /api/sensor/message 400 0ms
[2026-04-14 22:24:09] INFO POST /api/sensor/message 400 0ms
[2026-04-14 22:24:17] INFO POST /api/sensor/message 400 0ms
[2026-04-14 22:24:27] INFO POST /api/sensor/message 400 0ms
[2026-04-14 22:24:35] INFO POST /api/sensor/message 400 0ms
[2026-04-14 22:24:44] INFO POST /api/sensor/message 400 0ms
[2026-04-14 22:24:53] INFO POST /api/sensor/message 400 0ms
[2026-04-14 22:25:05] INFO POST /api/sensor/message 400 0ms
[2026-04-14 22:31:34] INFO 监控数据已重置
[2026-04-14 22:46:34] INFO 监控数据已重置
[2026-04-14 23:01:34] INFO 监控数据已重置
[2026-04-14 23:16:34] INFO 监控数据已重置
[2026-04-14 23:31:34] INFO 监控数据已重置
[2026-04-14 23:40:26] INFO GET / 200 2ms
[2026-04-14 23:40:26] INFO GET /favicon.ico 200 4ms
[2026-04-14 23:46:34] INFO 监控数据已重置
