[2026-04-01 17:16:54] INFO GET / 200 0ms
[2026-04-01 17:16:55] INFO GET /favicon.ico 404 0ms
[2026-04-01 17:17:01] INFO GET / 200 0ms
[2026-04-01 17:17:08] 
[2026-04-01 17:18:08] 
[2026-04-01 17:19:08] 
[2026-04-01 17:20:08] 
[2026-04-01 17:21:08] 
[2026-04-01 17:22:08] 
[2026-04-01 17:23:08] 
[2026-04-01 17:24:08] 
[2026-04-01 17:25:08] 
[2026-04-01 17:26:08] 
[2026-04-01 17:27:08] 
[2026-04-01 17:28:08] 
[2026-04-01 17:29:08] 
[2026-04-01 17:30:08] 
[2026-04-01 17:31:08] 
[2026-04-01 17:32:08] 
[2026-04-01 17:33:08] 
[2026-04-01 17:34:08] 
[2026-04-01 17:35:08] 
[2026-04-01 17:36:08] 
[2026-04-01 17:37:08] 
[2026-04-01 17:38:08] 
[2026-04-01 17:39:08] 
[2026-04-01 17:40:08] 
[2026-04-01 17:41:08] 
[2026-04-01 17:42:08] 
[2026-04-01 17:43:08] 
[2026-04-01 17:44:08] 
[2026-04-01 17:44:26] INFO GET / 200 0ms
[2026-04-01 17:44:33] INFO GET / 200 0ms
[2026-04-01 17:44:39] INFO GET / 200 0ms
[2026-04-01 17:44:53] INFO GET / 200 0ms
[2026-04-01 17:45:08] 
[2026-04-01 17:46:08] 
[2026-04-01 17:46:53] INFO GET / 200 0ms
[2026-04-01 17:47:08] 
[2026-04-01 17:48:01] INFO GET / 200 0ms
[2026-04-01 17:48:01] INFO GET /favicon.ico 404 0ms
[2026-04-01 17:48:08] 
[2026-04-01 17:48:41] INFO GET / 200 0ms
[2026-04-01 17:49:08] 
[2026-04-01 17:50:08] 
[2026-04-01 17:51:08] 
[2026-04-01 17:51:54] INFO GET / 200 0ms
[2026-04-01 17:51:58] INFO GET / 200 0ms
[2026-04-01 17:52:01] INFO GET / 200 0ms
[2026-04-01 17:52:04] INFO GET / 200 0ms
[2026-04-01 17:52:08] 
[2026-04-01 17:52:13] INFO GET / 200 0ms
[2026-04-01 17:53:08] 
[2026-04-01 17:54:08] 
[2026-04-01 17:55:08] 
[2026-04-01 17:55:23] INFO GET / 200 0ms
[2026-04-01 17:56:08] 
[2026-04-01 17:57:08] 
[2026-04-01 17:58:08] 
[2026-04-01 17:59:08] 
[2026-04-01 18:00:08] 
[2026-04-01 18:01:08] 
[2026-04-01 18:02:08] 
[2026-04-01 18:03:08] 
[2026-04-01 18:04:08] 
[2026-04-01 18:05:08] 
[2026-04-01 18:06:08] 
[2026-04-01 18:07:08] 
[2026-04-01 18:08:08] 
[2026-04-01 18:09:08] 
[2026-04-01 18:10:08] 
[2026-04-01 18:11:08] 
[2026-04-01 18:12:08] 
[2026-04-01 18:13:08] 
[2026-04-01 18:14:08] 
[2026-04-01 18:15:08] 
[2026-04-01 18:15:13] INFO GET / 200 0ms
[2026-04-01 18:16:08] 
[2026-04-01 18:17:08] 
[2026-04-01 18:18:08] 
[2026-04-01 18:19:08] 
[2026-04-01 18:20:08] 
[2026-04-01 18:21:08] 
[2026-04-01 18:22:08] 
[2026-04-01 18:23:08] 
[2026-04-01 18:24:08] 
[2026-04-01 18:25:08] 
[2026-04-01 18:26:08] 
[2026-04-01 18:27:08] 
[2026-04-01 18:28:08] 
[2026-04-01 18:29:08] 
[2026-04-01 18:30:08] 
[2026-04-01 18:31:08] 
[2026-04-01 18:32:08] 
[2026-04-01 18:33:08] 
[2026-04-01 18:34:08] 
[2026-04-01 18:35:08] 
[2026-04-01 18:36:08] 
[2026-04-01 18:37:08] 
[2026-04-01 18:38:08] 
[2026-04-01 18:39:08] 
[2026-04-01 18:40:08] 
[2026-04-01 18:41:08] 
[2026-04-01 18:42:08] 
[2026-04-01 18:43:08] 
[2026-04-01 18:44:08] 
[2026-04-01 18:45:08] 
[2026-04-01 18:46:08] 
[2026-04-01 18:47:08] 
[2026-04-01 18:48:08] 
[2026-04-01 18:49:08] 
[2026-04-01 18:50:08] 
[2026-04-01 18:51:08] 
[2026-04-01 18:52:08] 
[2026-04-01 18:53:08] 
[2026-04-01 18:54:08] 
[2026-04-01 18:55:08] 
[2026-04-01 18:56:08] 
[2026-04-01 18:57:08] 
[2026-04-01 18:58:08] 
[2026-04-01 18:59:08] 
[2026-04-01 19:00:08] 
[2026-04-01 19:01:08] 
[2026-04-01 19:02:08] 
[2026-04-01 19:03:08] 
[2026-04-01 19:04:08] 
[2026-04-01 19:05:08] 
[2026-04-01 19:06:08] 
[2026-04-01 19:07:08] 
[2026-04-01 19:08:08] 
[2026-04-01 19:09:08] 
[2026-04-01 19:10:08] 
[2026-04-01 19:11:08] 
[2026-04-01 19:12:08] 
[2026-04-01 19:13:08] 
[2026-04-01 19:14:08] 
[2026-04-01 19:15:08] 
[2026-04-01 19:16:08] 
[2026-04-01 19:17:08] 
[2026-04-01 19:18:08] 
[2026-04-01 19:19:08] 
[2026-04-01 19:20:08] 
[2026-04-01 19:21:08] 
[2026-04-01 19:22:08] 
[2026-04-01 19:23:08] 
[2026-04-01 19:24:08] 
[2026-04-01 19:25:08] 
[2026-04-01 19:26:08] 
[2026-04-01 19:27:08] 
[2026-04-01 19:28:08] 
[2026-04-01 19:29:08] 
[2026-04-01 19:30:08] 
[2026-04-01 19:31:08] 
[2026-04-01 19:32:08] 
[2026-04-01 19:33:08] 
[2026-04-01 19:34:08] 
[2026-04-01 19:35:08] 
[2026-04-01 19:36:08] 
[2026-04-01 19:37:08] 
[2026-04-01 19:38:08] 
[2026-04-01 19:39:08] 
[2026-04-01 19:40:08] 
[2026-04-01 19:41:08] 
[2026-04-01 19:41:10] INFO GET / 200 0ms
[2026-04-01 19:42:08] 
[2026-04-01 19:43:08] 
[2026-04-01 19:44:08] 
[2026-04-01 19:45:08] 
[2026-04-01 19:46:08] 
[2026-04-01 19:46:49] INFO GET /robots.txt 404 0ms
[2026-04-01 19:47:08] 
[2026-04-01 19:48:08] 
[2026-04-01 19:49:08] 
[2026-04-01 19:50:08] 
[2026-04-01 19:51:08] 
[2026-04-01 19:52:08] 
[2026-04-01 19:53:08] 
[2026-04-01 19:54:08] 
[2026-04-01 19:55:08] 
[2026-04-01 19:56:08] 
[2026-04-01 19:57:08] 
[2026-04-01 19:58:08] 
[2026-04-01 19:59:08] 
[2026-04-01 20:00:08] 
[2026-04-01 20:01:08] 
[2026-04-01 20:02:08] 
[2026-04-01 20:03:08] 
[2026-04-01 20:04:08] 
[2026-04-01 20:05:08] 
[2026-04-01 20:06:08] 
[2026-04-01 20:07:08] 
[2026-04-01 20:08:08] 
[2026-04-01 20:09:08] 
[2026-04-01 20:10:08] 
[2026-04-01 20:11:08] 
[2026-04-01 20:12:08] 
[2026-04-01 20:13:08] 
[2026-04-01 20:14:08] 
[2026-04-01 20:15:08] 
[2026-04-01 20:16:08] 
[2026-04-01 20:17:08] 
[2026-04-01 20:18:08] 
[2026-04-01 20:19:08] 
[2026-04-01 20:20:08] 
[2026-04-01 20:21:08] 
[2026-04-01 20:22:08] 
[2026-04-01 20:23:08] 
[2026-04-01 20:24:08] 
[2026-04-01 20:25:08] 
[2026-04-01 20:25:27] INFO POST /users/register 200 55ms
[2026-04-01 20:25:29] INFO POST /users/login 200 31ms
[2026-04-01 20:25:30] INFO POST /api/chain/create 200 2ms
[2026-04-01 20:25:31] INFO POST /api/chain/439184aa99d3917f/node/add 200 2ms
[2026-04-01 20:25:32] INFO DELETE /api/chain/439184aa99d3917f 200 0ms
[2026-04-01 20:25:33] INFO POST /users/register 500 6ms
[2026-04-01 20:25:34] INFO POST /users/login 400 0ms
[2026-04-01 20:25:38] INFO POST /api/chain/create 400 0ms
[2026-04-01 20:25:39] INFO POST /users/delete/1009 200 7ms
[2026-04-01 20:25:42] INFO POST /users/register 200 2ms
[2026-04-01 20:25:43] INFO POST /users/login 200 4ms
[2026-04-01 20:25:45] INFO POST /mavlink/v1/handler/create 200 3ms
[2026-04-01 20:25:49] INFO GET /mavlink/v1/handler/64171 200 1ms
[2026-04-01 20:25:51] INFO POST /mavlink/v1/connection/start 400 0ms
[2026-04-01 20:25:53] INFO POST /users/delete/1010 200 3ms
[2026-04-01 20:25:55] INFO POST /users/register 200 3ms
[2026-04-01 20:25:56] INFO POST /users/login 200 4ms
[2026-04-01 20:25:58] INFO POST /mavlink/v1/handler/create 200 0ms
[2026-04-01 20:25:59] INFO POST /mavlink/v1/drone/takeoff 400 2ms
[2026-04-01 20:26:00] INFO POST /mavlink/v1/drone/mode 400 0ms
[2026-04-01 20:26:02] INFO POST /mavlink/v1/drone/return 400 0ms
[2026-04-01 20:26:04] INFO POST /mavlink/v2/move 400 5ms
[2026-04-01 20:26:06] INFO POST /mavlink/v2/land 200 0ms
[2026-04-01 20:26:07] INFO POST /users/delete/1011 200 3ms
[2026-04-01 20:26:08] 
[2026-04-01 20:27:08] 
[2026-04-01 20:28:08] 
[2026-04-01 20:29:08] 
[2026-04-01 20:30:08] 
[2026-04-01 20:31:08] 
[2026-04-01 20:32:08] 
[2026-04-01 20:33:08] 
[2026-04-01 20:34:08] 
[2026-04-01 20:35:08] 
[2026-04-01 20:36:08] 
[2026-04-01 20:37:08] 
[2026-04-01 20:38:08] 
[2026-04-01 20:39:08] 
[2026-04-01 20:40:08] 
[2026-04-01 20:41:08] 
[2026-04-01 20:42:08] 
[2026-04-01 20:43:08] 
[2026-04-01 20:44:08] 
[2026-04-01 20:45:08] 
[2026-04-01 20:46:08] 
[2026-04-01 20:47:08] 
[2026-04-01 20:48:08] 
[2026-04-01 20:49:08] 
[2026-04-01 20:49:53] INFO GET /robots.txt 404 0ms
[2026-04-01 20:50:08] 
[2026-04-01 20:51:08] 
[2026-04-01 20:52:08] 
[2026-04-01 20:53:08] 
[2026-04-01 20:54:08] 
[2026-04-01 20:55:08] 
[2026-04-01 20:56:08] 
[2026-04-01 20:57:08] 
[2026-04-01 20:58:08] 
[2026-04-01 20:59:08] 
[2026-04-01 21:00:08] 
[2026-04-01 21:01:08] 
[2026-04-01 21:02:08] 
[2026-04-01 21:03:08] 
[2026-04-01 21:04:08] 
[2026-04-01 21:05:08] 
[2026-04-01 21:06:08] 
[2026-04-01 21:07:08] 
[2026-04-01 21:08:08] 
[2026-04-01 21:09:08] 
[2026-04-01 21:10:08] 
[2026-04-01 21:11:08] 
[2026-04-01 21:12:08] 
[2026-04-01 21:13:08] 
[2026-04-01 21:14:08] 
[2026-04-01 21:15:08] 
[2026-04-01 21:16:08] 
[2026-04-01 21:17:08] 
[2026-04-01 21:18:08] 
[2026-04-01 21:19:08] 
[2026-04-01 21:20:08] 
[2026-04-01 21:21:08] 
[2026-04-01 21:22:08] 
[2026-04-01 21:23:08] 
[2026-04-01 21:24:08] 
[2026-04-01 21:25:08] 
[2026-04-01 21:26:08] 
[2026-04-01 21:27:08] 
[2026-04-01 21:28:08] 
[2026-04-01 21:29:08] 
[2026-04-01 21:30:08] 
[2026-04-01 21:31:08] 
[2026-04-01 21:32:08] 
[2026-04-01 21:33:08] 
[2026-04-01 21:34:08] 
[2026-04-01 21:35:08] 
[2026-04-01 21:36:08] 
[2026-04-01 21:37:08] 
[2026-04-01 21:38:08] 
[2026-04-01 21:39:08] 
[2026-04-01 21:40:08] 
[2026-04-01 21:41:08] 
[2026-04-01 21:42:08] 
[2026-04-01 21:43:08] 
[2026-04-01 21:44:08] 
[2026-04-01 21:45:08] 
[2026-04-01 21:46:08] 
[2026-04-01 21:47:08] 
[2026-04-01 21:48:08] 
[2026-04-01 21:49:08] 
[2026-04-01 21:50:08] 
[2026-04-01 21:51:08] 
[2026-04-01 21:52:08] 
[2026-04-01 21:53:08] 
[2026-04-01 21:54:08] 
[2026-04-01 21:55:08] 
[2026-04-01 21:56:08] 
[2026-04-01 21:57:08] 
[2026-04-01 21:58:08] 
[2026-04-01 21:59:08] 
[2026-04-01 22:00:08] 
[2026-04-01 22:01:08] 
[2026-04-01 22:02:08] 
[2026-04-01 22:03:08] 
[2026-04-01 22:04:08] 
[2026-04-01 22:05:08] 
[2026-04-01 22:06:08] 
[2026-04-01 22:07:08] 
[2026-04-01 22:08:08] 
[2026-04-01 22:09:08] 
[2026-04-01 22:10:08] 
[2026-04-01 22:11:08] 
[2026-04-01 22:12:08] 
[2026-04-01 22:13:08] 
[2026-04-01 22:14:08] 
[2026-04-01 22:15:08] 
[2026-04-01 22:16:08] 
[2026-04-01 22:17:08] 
[2026-04-01 22:18:08] 
[2026-04-01 22:19:08] 
[2026-04-01 22:20:08] 
[2026-04-01 22:21:08] 
[2026-04-01 22:22:08] 
[2026-04-01 22:23:08] 
[2026-04-01 22:24:08] 
[2026-04-01 22:25:08] 
[2026-04-01 22:26:08] 
[2026-04-01 22:27:08] 
[2026-04-01 22:28:08] 
[2026-04-01 22:29:08] 
[2026-04-01 22:30:08] 
[2026-04-01 22:31:08] 
[2026-04-01 22:32:08] 
[2026-04-01 22:33:08] 
[2026-04-01 22:34:08] 
[2026-04-01 22:35:08] 
[2026-04-01 22:36:08] 
[2026-04-01 22:37:08] 
[2026-04-01 22:38:08] 
[2026-04-01 22:39:08] 
[2026-04-01 22:40:08] 
[2026-04-01 22:41:08] 
[2026-04-01 22:42:08] 
[2026-04-01 22:43:08] 
[2026-04-01 22:44:08] 
[2026-04-01 22:45:08] 
[2026-04-01 22:46:08] 
[2026-04-01 22:47:08] 
[2026-04-01 22:48:08] 
[2026-04-01 22:49:08] 
[2026-04-01 22:50:08] 
[2026-04-01 22:51:08] 
[2026-04-01 22:52:08] 
[2026-04-01 22:53:08] 
[2026-04-01 22:54:08] 
[2026-04-01 22:55:08] 
[2026-04-01 22:56:08] 
[2026-04-01 22:57:08] 
[2026-04-01 22:58:08] 
[2026-04-01 22:59:08] 
[2026-04-01 23:00:08] 
[2026-04-01 23:01:08] 
[2026-04-01 23:02:08] 
[2026-04-01 23:03:08] 
[2026-04-01 23:04:08] 
[2026-04-01 23:05:08] 
[2026-04-01 23:06:08] 
[2026-04-01 23:07:08] 
[2026-04-01 23:08:08] 
[2026-04-01 23:09:08] 
[2026-04-01 23:10:08] 
[2026-04-01 23:11:08] 
[2026-04-01 23:12:08] 
[2026-04-01 23:13:08] 
[2026-04-01 23:14:08] 
[2026-04-01 23:15:08] 
[2026-04-01 23:15:54] INFO GET /robots.txt 404 0ms
[2026-04-01 23:16:08] 
[2026-04-01 23:17:08] 
[2026-04-01 23:18:08] 
[2026-04-01 23:19:08] 
[2026-04-01 23:20:08] 
[2026-04-01 23:21:08] 
[2026-04-01 23:22:08] 
[2026-04-01 23:23:08] 
[2026-04-01 23:24:08] 
[2026-04-01 23:25:08] 
[2026-04-01 23:26:08] 
[2026-04-01 23:27:08] 
[2026-04-01 23:28:08] 
[2026-04-01 23:29:08] 
[2026-04-01 23:30:08] 
[2026-04-01 23:31:08] 
[2026-04-01 23:32:08] 
[2026-04-01 23:33:08] 
[2026-04-01 23:34:08] 
[2026-04-01 23:35:08] 
[2026-04-01 23:36:08] 
[2026-04-01 23:37:08] 
[2026-04-01 23:38:08] 
[2026-04-01 23:39:08] 
[2026-04-01 23:40:08] 
[2026-04-01 23:41:08] 
[2026-04-01 23:42:08] 
[2026-04-01 23:43:08] 
[2026-04-01 23:44:08] 
[2026-04-01 23:45:08] 
[2026-04-01 23:46:08] 
[2026-04-01 23:47:08] 
[2026-04-01 23:48:08] 
[2026-04-01 23:49:08] 
[2026-04-01 23:50:08] 
[2026-04-01 23:51:08] 
[2026-04-01 23:52:08] 
[2026-04-01 23:53:08] 
[2026-04-01 23:54:08] 
[2026-04-01 23:55:08] 
[2026-04-01 23:56:08] 
[2026-04-01 23:57:08] 
[2026-04-01 23:58:08] 
[2026-04-01 23:59:08] 
