[2026-03-22 11:46:10] INFO POST /users/register 200 20ms
[2026-03-22 11:46:10] INFO POST /users/login 200 16ms
[2026-03-22 11:46:10] INFO POST /api/board/create 200 0ms
[2026-03-22 11:46:10] INFO GET /api/board/list 200 0ms
[2026-03-22 11:46:10] INFO POST /api/board/send 500 3ms
[2026-03-22 11:46:11] INFO POST /api/board/stop 200 995ms
[2026-03-22 11:46:11] INFO DELETE /api/board/delete/test_board_1774151170 500 0ms
[2026-03-22 11:46:16] INFO 监控数据已重置
[2026-03-22 11:46:23] INFO POST /users/register 200 11ms
[2026-03-22 11:46:23] INFO POST /users/login 200 9ms
[2026-03-22 11:46:23] INFO POST /api/board/create 500 0ms
[2026-03-22 11:49:23] INFO POST /users/register 200 15ms
[2026-03-22 11:49:23] INFO POST /users/login 200 9ms
[2026-03-22 11:49:23] INFO POST /api/board/create 200 0ms
[2026-03-22 11:49:23] INFO GET /api/board/list 200 0ms
[2026-03-22 11:49:23] INFO POST /api/board/send 500 3ms
[2026-03-22 11:49:24] INFO POST /api/board/stop 200 995ms
[2026-03-22 11:49:24] INFO DELETE /api/board/delete/test_board_1774151363 500 0ms
[2026-03-22 11:51:16] INFO 监控数据已重置
[2026-03-22 11:54:47] INFO POST /users/register 200 19ms
[2026-03-22 11:54:47] INFO POST /users/login 200 8ms
[2026-03-22 11:54:47] INFO POST /api/chain/create 200 0ms
[2026-03-22 11:54:47] INFO POST /api/chain/c385a78bf902e828/node/add 200 0ms
[2026-03-22 11:54:47] INFO DELETE /api/chain/c385a78bf902e828 200 0ms
[2026-03-22 11:54:47] INFO POST /users/register 500 0ms
[2026-03-22 11:54:47] INFO POST /users/login 400 0ms
[2026-03-22 11:54:47] INFO POST /api/chain/create 400 0ms
[2026-03-22 11:54:47] INFO POST /users/delete/4 200 6ms
[2026-03-22 11:54:47] INFO POST /users/register 200 8ms
[2026-03-22 11:54:47] INFO POST /users/login 200 6ms
[2026-03-22 11:54:47] INFO POST /mavlink/v1/handler/create 200 0ms
[2026-03-22 11:54:47] INFO GET /mavlink/v1/handler/12329 200 0ms
[2026-03-22 11:54:47] INFO POST /mavlink/v1/connection/start 400 0ms
[2026-03-22 11:54:47] INFO POST /users/delete/5 200 6ms
[2026-03-22 11:54:47] INFO POST /users/register 200 6ms
[2026-03-22 11:54:47] INFO POST /users/login 200 7ms
[2026-03-22 11:54:47] INFO POST /mavlink/v1/handler/create 200 0ms
[2026-03-22 11:54:47] INFO POST /mavlink/v1/drone/takeoff 400 0ms
[2026-03-22 11:54:47] INFO POST /mavlink/v1/drone/mode 400 0ms
[2026-03-22 11:54:47] INFO POST /mavlink/v1/drone/return 400 0ms
[2026-03-22 11:54:47] INFO POST /mavlink/v2/move 400 0ms
[2026-03-22 11:54:47] INFO POST /mavlink/v2/land 200 0ms
[2026-03-22 11:54:47] INFO POST /users/delete/6 200 8ms
[2026-03-22 11:56:16] INFO 监控数据已重置
[2026-03-22 12:01:16] INFO 监控数据已重置
[2026-03-22 12:01:32] INFO POST /users/register 200 18ms
[2026-03-22 12:01:32] INFO POST /users/login 200 8ms
[2026-03-22 12:01:32] INFO POST /api/board/create 200 0ms
[2026-03-22 12:01:32] INFO GET /api/board/list 200 0ms
[2026-03-22 12:01:32] INFO POST /api/board/send 200 5ms
[2026-03-22 12:01:33] INFO DELETE /api/board/delete/test_board_1774152092 200 891ms
[2026-03-22 12:06:16] INFO 监控数据已重置
