[2026-04-19 13:09:42] INFO 监控数据已重置
[2026-04-19 13:24:42] INFO 监控数据已重置
[2026-04-19 13:27:23] INFO GET /robots.txt 304 6ms
[2026-04-19 13:39:42] INFO 监控数据已重置
[2026-04-19 13:54:42] INFO 监控数据已重置
[2026-04-19 14:09:42] INFO 监控数据已重置
[2026-04-19 14:18:57] INFO POST /api/sensor/message 202 0ms
[2026-04-19 14:19:03] INFO POST /api/sensor/message 202 0ms
[2026-04-19 14:19:06] INFO POST /api/sensor/message 202 0ms
[2026-04-19 14:19:12] INFO POST /api/sensor/message 202 0ms
[2026-04-19 14:19:17] INFO POST /api/sensor/message 202 0ms
[2026-04-19 14:19:24] INFO POST /api/sensor/message 202 0ms
[2026-04-19 14:19:28] INFO POST /api/sensor/message 202 0ms
[2026-04-19 14:19:34] INFO POST /api/sensor/message 202 0ms
[2026-04-19 14:19:41] INFO POST /api/sensor/message 202 0ms
[2026-04-19 14:19:45] INFO POST /api/sensor/message 202 0ms
[2026-04-19 14:19:50] INFO POST /api/sensor/message 202 0ms
[2026-04-19 14:19:54] INFO POST /api/sensor/message 202 0ms
[2026-04-19 14:20:00] INFO POST /api/sensor/message 202 0ms
[2026-04-19 14:20:04] INFO POST /api/sensor/message 202 0ms
[2026-04-19 14:20:09] INFO POST /api/sensor/message 202 0ms
[2026-04-19 14:20:14] INFO POST /api/sensor/message 202 0ms
[2026-04-19 14:20:19] INFO POST /api/sensor/message 202 0ms
[2026-04-19 14:20:25] INFO POST /api/sensor/message 202 0ms
[2026-04-19 14:20:30] INFO POST /api/sensor/message 202 0ms
[2026-04-19 14:20:35] INFO POST /api/sensor/message 202 685ms
[2026-04-19 14:20:39] INFO POST /api/sensor/message 202 0ms
[2026-04-19 14:20:45] INFO POST /api/sensor/message 202 0ms
[2026-04-19 14:20:50] INFO POST /api/sensor/message 202 689ms
[2026-04-19 14:21:09] INFO POST /api/sensor/message 202 0ms
[2026-04-19 14:21:14] INFO POST /api/sensor/message 202 0ms
[2026-04-19 14:21:20] INFO POST /api/sensor/message 202 0ms
[2026-04-19 14:21:28] INFO POST /api/sensor/message 202 0ms
[2026-04-19 14:21:31] INFO POST /api/sensor/message 202 0ms
[2026-04-19 14:21:36] INFO POST /api/sensor/message 202 0ms
[2026-04-19 14:21:41] INFO POST /api/sensor/message 202 0ms
[2026-04-19 14:21:46] INFO POST /api/sensor/message 202 0ms
[2026-04-19 14:21:52] INFO POST /api/sensor/message 202 0ms
[2026-04-19 14:21:57] INFO POST /api/sensor/message 202 0ms
[2026-04-19 14:22:01] INFO POST /api/sensor/message 202 0ms
[2026-04-19 14:22:07] INFO POST /api/sensor/message 202 0ms
[2026-04-19 14:22:13] INFO POST /api/sensor/message 202 956ms
[2026-04-19 14:22:21] INFO POST /api/sensor/message 202 0ms
[2026-04-19 14:22:24] INFO POST /api/sensor/message 202 0ms
[2026-04-19 14:22:28] INFO POST /api/sensor/message 202 0ms
[2026-04-19 14:22:35] INFO POST /api/sensor/message 202 0ms
[2026-04-19 14:22:39] INFO POST /api/sensor/message 202 0ms
[2026-04-19 14:22:44] INFO POST /api/sensor/message 202 0ms
[2026-04-19 14:22:51] INFO POST /api/sensor/message 202 3ms
[2026-04-19 14:22:54] INFO POST /api/sensor/message 202 0ms
[2026-04-19 14:22:59] INFO POST /api/sensor/message 202 307ms
[2026-04-19 14:23:06] INFO POST /api/sensor/message 202 1229ms
[2026-04-19 14:23:06] WARN 🚨 慢请求警告: POST /api/sensor/message 耗时 1.2294183s
[2026-04-19 14:23:10] INFO POST /api/sensor/message 202 0ms
[2026-04-19 14:23:15] INFO POST /api/sensor/message 202 0ms
[2026-04-19 14:23:20] INFO POST /api/sensor/message 202 0ms
[2026-04-19 14:23:25] INFO POST /api/sensor/message 202 506ms
[2026-04-19 14:23:30] INFO POST /api/sensor/message 202 0ms
[2026-04-19 14:23:35] INFO POST /api/sensor/message 202 0ms
[2026-04-19 14:23:40] INFO POST /api/sensor/message 202 0ms
[2026-04-19 14:23:45] INFO POST /api/sensor/message 202 0ms
[2026-04-19 14:23:50] INFO POST /api/sensor/message 202 2ms
[2026-04-19 14:23:55] INFO POST /api/sensor/message 202 0ms
[2026-04-19 14:24:03] INFO POST /api/sensor/message 202 730ms
[2026-04-19 14:24:06] INFO POST /api/sensor/message 202 742ms
[2026-04-19 14:24:11] INFO POST /api/sensor/message 202 0ms
[2026-04-19 14:24:16] INFO POST /api/sensor/message 202 0ms
[2026-04-19 14:24:20] INFO POST /api/sensor/message 202 0ms
[2026-04-19 14:24:26] INFO POST /api/sensor/message 202 0ms
[2026-04-19 14:24:33] INFO POST /api/sensor/message 202 759ms
[2026-04-19 14:24:36] INFO POST /api/sensor/message 202 0ms
[2026-04-19 14:24:41] INFO POST /api/sensor/message 202 0ms
[2026-04-19 14:24:42] INFO 监控数据已重置
[2026-04-19 14:24:46] INFO POST /api/sensor/message 202 0ms
[2026-04-19 14:24:51] INFO POST /api/sensor/message 202 0ms
[2026-04-19 14:24:59] INFO POST /api/sensor/message 202 0ms
[2026-04-19 14:25:02] INFO POST /api/sensor/message 202 0ms
[2026-04-19 14:25:09] INFO POST /api/sensor/message 202 0ms
[2026-04-19 14:25:12] INFO POST /api/sensor/message 202 0ms
[2026-04-19 14:25:17] INFO POST /api/sensor/message 202 1ms
[2026-04-19 14:25:22] INFO POST /api/sensor/message 202 0ms
[2026-04-19 14:25:28] INFO POST /api/sensor/message 202 0ms
[2026-04-19 14:25:32] INFO POST /api/sensor/message 202 0ms
[2026-04-19 14:25:38] INFO POST /api/sensor/message 202 0ms
[2026-04-19 14:25:42] INFO POST /api/sensor/message 202 0ms
[2026-04-19 14:25:48] INFO POST /api/sensor/message 202 1032ms
[2026-04-19 14:25:48] WARN 🚨 慢请求警告: POST /api/sensor/message 耗时 1.0324578s
[2026-04-19 14:25:52] INFO POST /api/sensor/message 202 0ms
[2026-04-19 14:26:01] INFO POST /api/sensor/message 202 0ms
[2026-04-19 14:26:04] INFO POST /api/sensor/message 202 0ms
[2026-04-19 14:26:10] INFO POST /api/sensor/message 202 1ms
[2026-04-19 14:26:15] INFO POST /api/sensor/message 202 718ms
[2026-04-19 14:26:19] INFO POST /api/sensor/message 202 0ms
[2026-04-19 14:26:24] INFO POST /api/sensor/message 202 2ms
[2026-04-19 14:26:30] INFO POST /api/sensor/message 202 321ms
[2026-04-19 14:26:34] INFO POST /api/sensor/message 202 0ms
[2026-04-19 14:26:41] INFO POST /api/sensor/message 202 1ms
[2026-04-19 14:26:45] INFO POST /api/sensor/message 202 890ms
[2026-04-19 14:26:50] INFO POST /api/sensor/message 202 0ms
[2026-04-19 14:26:56] INFO POST /api/sensor/message 202 0ms
[2026-04-19 14:27:00] INFO POST /api/sensor/message 202 0ms
[2026-04-19 14:27:06] INFO POST /api/sensor/message 202 0ms
[2026-04-19 14:27:12] INFO POST /api/sensor/message 202 1007ms
[2026-04-19 14:27:12] WARN 🚨 慢请求警告: POST /api/sensor/message 耗时 1.007851s
[2026-04-19 14:27:16] INFO POST /api/sensor/message 202 0ms
[2026-04-19 14:27:21] INFO POST /api/sensor/message 202 0ms
[2026-04-19 14:27:26] INFO POST /api/sensor/message 202 0ms
[2026-04-19 14:27:31] INFO POST /api/sensor/message 202 2ms
[2026-04-19 14:27:36] INFO POST /api/sensor/message 202 1ms
[2026-04-19 14:27:42] INFO POST /api/sensor/message 202 966ms
[2026-04-19 14:27:47] INFO POST /api/sensor/message 202 0ms
[2026-04-19 14:27:52] INFO POST /api/sensor/message 202 794ms
[2026-04-19 14:27:57] INFO POST /api/sensor/message 202 0ms
[2026-04-19 14:28:02] INFO POST /api/sensor/message 202 2ms
[2026-04-19 14:28:07] INFO POST /api/sensor/message 202 0ms
[2026-04-19 14:28:11] INFO POST /api/sensor/message 202 2ms
[2026-04-19 14:28:21] INFO POST /api/sensor/message 202 4094ms
[2026-04-19 14:28:21] WARN 🚨 慢请求警告: POST /api/sensor/message 耗时 4.0941551s
[2026-04-19 14:28:23] INFO POST /api/sensor/message 202 0ms
[2026-04-19 14:28:29] INFO POST /api/sensor/message 202 990ms
[2026-04-19 14:28:33] INFO POST /api/sensor/message 202 0ms
[2026-04-19 14:28:38] INFO POST /api/sensor/message 202 0ms
[2026-04-19 14:28:46] INFO POST /api/sensor/message 202 0ms
[2026-04-19 14:28:51] INFO POST /api/sensor/message 202 0ms
[2026-04-19 14:28:54] INFO POST /api/sensor/message 202 5ms
[2026-04-19 14:29:08] INFO POST /api/sensor/message 202 1ms
[2026-04-19 14:29:12] INFO POST /api/sensor/message 202 0ms
[2026-04-19 14:29:17] INFO POST /api/sensor/message 202 0ms
[2026-04-19 14:29:21] INFO POST /api/sensor/message 202 6ms
[2026-04-19 14:29:27] INFO POST /api/sensor/message 202 0ms
[2026-04-19 14:29:31] INFO POST /api/sensor/message 202 0ms
[2026-04-19 14:29:36] INFO POST /api/sensor/message 202 0ms
[2026-04-19 14:29:42] INFO POST /api/sensor/message 202 0ms
[2026-04-19 14:29:47] INFO POST /api/sensor/message 202 826ms
[2026-04-19 14:29:52] INFO POST /api/sensor/message 202 0ms
[2026-04-19 14:29:57] INFO POST /api/sensor/message 202 723ms
[2026-04-19 14:30:01] INFO POST /api/sensor/message 202 0ms
[2026-04-19 14:30:08] INFO POST /api/sensor/message 202 772ms
[2026-04-19 14:30:12] INFO POST /api/sensor/message 202 1ms
[2026-04-19 14:30:16] INFO POST /api/sensor/message 202 0ms
[2026-04-19 14:30:23] INFO POST /api/sensor/message 202 0ms
[2026-04-19 14:30:30] INFO POST /api/sensor/message 202 0ms
[2026-04-19 14:30:37] INFO POST /api/sensor/message 202 1ms
[2026-04-19 14:30:47] INFO POST /api/sensor/message 202 0ms
[2026-04-19 14:30:51] INFO POST /api/sensor/message 202 0ms
[2026-04-19 14:30:55] INFO POST /api/sensor/message 202 0ms
[2026-04-19 14:31:01] INFO POST /api/sensor/message 202 1227ms
[2026-04-19 14:31:01] WARN 🚨 慢请求警告: POST /api/sensor/message 耗时 1.2270249s
[2026-04-19 14:39:42] INFO 监控数据已重置
[2026-04-19 14:54:42] INFO 监控数据已重置
[2026-04-19 15:09:42] INFO 监控数据已重置
[2026-04-19 15:24:42] INFO 监控数据已重置
[2026-04-19 15:34:58] INFO POST /api/sensor/message 202 0ms
[2026-04-19 15:35:03] INFO POST /api/sensor/message 202 0ms
[2026-04-19 15:35:08] INFO POST /api/sensor/message 202 0ms
[2026-04-19 15:35:50] INFO POST /api/sensor/message 202 3ms
[2026-04-19 15:36:20] INFO POST /api/sensor/message 202 0ms
[2026-04-19 15:36:51] INFO POST /api/sensor/message 202 0ms
[2026-04-19 15:37:22] INFO POST /api/sensor/message 202 0ms
[2026-04-19 15:37:50] INFO POST /api/sensor/message 202 0ms
[2026-04-19 15:38:22] INFO POST /api/sensor/message 202 0ms
[2026-04-19 15:39:42] INFO 监控数据已重置
[2026-04-19 15:54:42] INFO 监控数据已重置
[2026-04-19 16:09:42] INFO 监控数据已重置
[2026-04-19 16:16:21] INFO POST /api/sensor/message 202 0ms
[2026-04-19 16:16:49] INFO POST /api/sensor/message 202 0ms
[2026-04-19 16:17:27] INFO POST /api/sensor/message 202 0ms
[2026-04-19 16:17:47] INFO POST /api/sensor/message 202 0ms
[2026-04-19 16:24:42] INFO 监控数据已重置
[2026-04-19 16:34:19] INFO POST /api/sensor/message 202 0ms
[2026-04-19 16:34:43] INFO POST /api/sensor/message 202 0ms
[2026-04-19 16:35:12] INFO POST /api/sensor/message 202 0ms
[2026-04-19 16:35:47] INFO POST /api/sensor/message 202 1235ms
[2026-04-19 16:35:47] WARN 🚨 慢请求警告: POST /api/sensor/message 耗时 1.2354599s
[2026-04-19 16:36:16] INFO POST /api/sensor/message 202 2064ms
[2026-04-19 16:36:16] WARN 🚨 慢请求警告: POST /api/sensor/message 耗时 2.0647932s
[2026-04-19 16:36:44] INFO POST /api/sensor/message 202 0ms
[2026-04-19 16:37:13] INFO POST /api/sensor/message 202 3ms
[2026-04-19 16:37:44] INFO POST /api/sensor/message 202 3ms
[2026-04-19 16:38:16] INFO POST /api/sensor/message 202 0ms
[2026-04-19 16:38:44] INFO POST /api/sensor/message 202 716ms
[2026-04-19 16:39:15] INFO POST /api/sensor/message 202 2ms
[2026-04-19 16:39:42] INFO 监控数据已重置
[2026-04-19 16:39:43] INFO POST /api/sensor/message 202 710ms
[2026-04-19 16:40:14] INFO POST /api/sensor/message 202 702ms
[2026-04-19 16:40:43] INFO POST /api/sensor/message 202 0ms
[2026-04-19 16:41:15] INFO POST /api/sensor/message 202 0ms
[2026-04-19 16:41:50] INFO POST /api/sensor/message 202 0ms
[2026-04-19 16:42:17] INFO POST /api/sensor/message 202 1191ms
[2026-04-19 16:42:17] WARN 🚨 慢请求警告: POST /api/sensor/message 耗时 1.1915408s
[2026-04-19 16:42:45] INFO POST /api/sensor/message 202 2ms
[2026-04-19 16:43:14] INFO POST /api/sensor/message 202 2ms
[2026-04-19 16:43:44] INFO POST /api/sensor/message 202 3ms
[2026-04-19 16:44:19] INFO POST /api/sensor/message 202 0ms
[2026-04-19 16:44:47] INFO POST /api/sensor/message 202 0ms
[2026-04-19 16:45:18] INFO POST /api/sensor/message 202 0ms
[2026-04-19 16:45:46] INFO POST /api/sensor/message 202 0ms
[2026-04-19 16:46:16] INFO POST /api/sensor/message 202 0ms
[2026-04-19 16:46:43] INFO POST /api/sensor/message 202 0ms
[2026-04-19 16:47:16] INFO POST /api/sensor/message 202 1ms
[2026-04-19 16:47:48] INFO POST /api/sensor/message 202 0ms
[2026-04-19 16:48:14] INFO POST /api/sensor/message 202 0ms
[2026-04-19 16:48:44] INFO POST /api/sensor/message 202 0ms
[2026-04-19 16:49:16] INFO POST /api/sensor/message 202 2ms
[2026-04-19 16:49:47] INFO POST /api/sensor/message 202 818ms
[2026-04-19 16:50:15] INFO POST /api/sensor/message 202 2ms
[2026-04-19 16:50:45] INFO POST /api/sensor/message 202 2ms
[2026-04-19 16:51:15] INFO POST /api/sensor/message 202 2ms
[2026-04-19 16:51:44] INFO POST /api/sensor/message 202 0ms
[2026-04-19 16:52:14] INFO POST /api/sensor/message 202 0ms
[2026-04-19 16:52:44] INFO POST /api/sensor/message 202 0ms
[2026-04-19 16:53:16] INFO POST /api/sensor/message 202 0ms
[2026-04-19 16:53:46] INFO POST /api/sensor/message 202 0ms
[2026-04-19 16:54:17] INFO POST /api/sensor/message 202 835ms
[2026-04-19 16:54:42] INFO 监控数据已重置
[2026-04-19 16:54:51] INFO POST /api/sensor/message 202 751ms
[2026-04-19 16:55:14] INFO POST /api/sensor/message 202 0ms
[2026-04-19 16:55:45] INFO POST /api/sensor/message 202 4ms
[2026-04-19 16:56:14] INFO POST /api/sensor/message 202 0ms
[2026-04-19 16:56:44] INFO POST /api/sensor/message 202 0ms
[2026-04-19 16:57:23] INFO POST /api/sensor/message 202 0ms
[2026-04-19 16:57:45] INFO POST /api/sensor/message 202 0ms
[2026-04-19 17:09:42] INFO 监控数据已重置
[2026-04-19 17:24:55] INFO POST /api/sensor/message 202 0ms
[2026-04-19 17:25:28] INFO POST /api/sensor/message 202 0ms
[2026-04-19 17:25:32] INFO POST /api/sensor/message 202 0ms
[2026-04-19 17:25:36] INFO POST /api/sensor/message 202 0ms
[2026-04-19 17:25:39] INFO POST /api/sensor/message 202 0ms
[2026-04-19 17:25:43] INFO POST /api/sensor/message 202 0ms
[2026-04-19 17:25:46] INFO POST /api/sensor/message 202 703ms
[2026-04-19 17:25:48] INFO POST /api/sensor/message 202 0ms
[2026-04-19 17:25:59] INFO POST /api/sensor/message 202 7484ms
[2026-04-19 17:25:59] WARN 🚨 慢请求警告: POST /api/sensor/message 耗时 7.4847677s
[2026-04-19 17:25:59] INFO POST /api/sensor/message 202 0ms
[2026-04-19 17:26:02] INFO POST /api/sensor/message 202 0ms
[2026-04-19 17:26:05] INFO POST /api/sensor/message 202 1ms
[2026-04-19 17:26:08] INFO POST /api/sensor/message 202 0ms
[2026-04-19 17:26:12] INFO POST /api/sensor/message 202 0ms
[2026-04-19 17:26:16] INFO POST /api/sensor/message 202 0ms
[2026-04-19 17:26:20] INFO POST /api/sensor/message 202 0ms
[2026-04-19 17:39:51] INFO 监控数据已重置
[2026-04-19 17:54:51] INFO 监控数据已重置
[2026-04-19 18:09:51] INFO 监控数据已重置
[2026-04-19 18:24:51] INFO 监控数据已重置
[2026-04-19 18:39:51] INFO 监控数据已重置
[2026-04-19 18:54:51] INFO 监控数据已重置
[2026-04-19 19:09:51] INFO 监控数据已重置
[2026-04-19 19:24:51] INFO 监控数据已重置
[2026-04-19 19:39:51] INFO 监控数据已重置
[2026-04-19 19:49:02] INFO GET / 200 0ms
[2026-04-19 19:54:51] INFO 监控数据已重置
[2026-04-19 20:09:51] INFO 监控数据已重置
[2026-04-19 20:24:51] INFO 监控数据已重置
[2026-04-19 20:39:48] INFO 监控数据已重置
[2026-04-19 20:54:48] INFO 监控数据已重置
[2026-04-19 21:09:48] INFO 监控数据已重置
[2026-04-19 21:24:48] INFO 监控数据已重置
[2026-04-19 21:36:10] INFO GET /api/settings 404 0ms
[2026-04-19 21:39:48] INFO 监控数据已重置
[2026-04-19 21:54:48] INFO 监控数据已重置
[2026-04-19 22:09:48] INFO 监控数据已重置
[2026-04-19 22:24:48] INFO 监控数据已重置
[2026-04-19 22:39:48] INFO 监控数据已重置
[2026-04-19 22:54:48] INFO 监控数据已重置
