[2026-04-08 15:44:02] INFO GET / 200 0ms
[2026-04-08 15:44:03] INFO GET /favicon.ico 200 93ms
[2026-04-08 15:53:37] INFO GET / 200 0ms
[2026-04-08 15:58:37] INFO 监控数据已重置
[2026-04-08 16:04:07] INFO GET /robots.txt 304 7ms
[2026-04-08 16:11:40] INFO GET /.env 404 0ms
[2026-04-08 16:11:40] WARN 🚨 可疑访问警告: IP[2a14:7c1:400::1] 访问敏感路径[/.env]
[2026-04-08 16:13:37] INFO 监控数据已重置
[2026-04-08 16:28:37] INFO 监控数据已重置
[2026-04-08 16:38:15] INFO GET / 200 0ms
[2026-04-08 16:38:21] INFO GET /robots.txt 200 80ms
[2026-04-08 16:53:11] INFO 监控数据已重置
[2026-04-08 17:08:11] INFO 监控数据已重置
[2026-04-08 17:23:11] INFO 监控数据已重置
[2026-04-08 17:38:11] INFO 监控数据已重置
[2026-04-08 17:53:11] INFO 监控数据已重置
[2026-04-08 18:08:11] INFO 监控数据已重置
[2026-04-08 18:23:11] INFO 监控数据已重置
[2026-04-08 18:37:40] INFO GET / 200 0ms
[2026-04-08 18:37:53] INFO GET /robots.txt 200 0ms
[2026-04-08 18:38:02] INFO GET / 200 0ms
[2026-04-08 18:38:11] INFO 监控数据已重置
[2026-04-08 18:46:26] INFO GET / 200 0ms
[2026-04-08 18:53:11] INFO 监控数据已重置
[2026-04-08 18:55:38] INFO GET / 200 0ms
[2026-04-08 19:08:11] INFO 监控数据已重置
[2026-04-08 19:23:11] INFO 监控数据已重置
[2026-04-08 19:38:11] INFO 监控数据已重置
[2026-04-08 19:53:11] INFO 监控数据已重置
[2026-04-08 20:06:23] INFO GET / 200 0ms
[2026-04-08 20:08:11] INFO 监控数据已重置
[2026-04-08 20:23:11] INFO 监控数据已重置
[2026-04-08 20:38:11] INFO 监控数据已重置
[2026-04-08 20:53:11] INFO 监控数据已重置
[2026-04-08 20:56:24] INFO GET /robots.txt 304 1ms
[2026-04-08 21:08:11] INFO 监控数据已重置
[2026-04-08 21:23:11] INFO 监控数据已重置
[2026-04-08 21:23:11] INFO GET /wp-login.php 404 0ms
[2026-04-08 21:23:11] INFO GET /xmlrpc.php 404 0ms
[2026-04-08 21:23:21] INFO GET /wp-login.php 404 0ms
[2026-04-08 21:23:22] INFO GET /xmlrpc.php 404 0ms
[2026-04-08 21:23:28] INFO GET /wp-login.php 404 0ms
[2026-04-08 21:23:28] INFO GET /xmlrpc.php 404 0ms
