[2026-04-16 19:39:28] INFO GET /robots.txt 304 20ms
[2026-04-16 19:42:34] INFO GET / 200 1ms
[2026-04-16 19:45:45] INFO GET / 200 0ms
[2026-04-16 19:53:43] INFO 监控数据已重置
[2026-04-16 19:53:45] INFO POST /users/login 400 10ms
[2026-04-16 19:53:50] INFO POST /users/login 400 0ms
[2026-04-16 19:55:05] INFO GET /robots.txt 200 136ms
[2026-04-16 19:57:04] INFO GET /users/login 404 0ms
[2026-04-16 19:58:11] INFO POST /users/login 400 0ms
[2026-04-16 20:00:01] INFO GET / 200 0ms
[2026-04-16 20:00:02] INFO GET / 200 0ms
[2026-04-16 20:00:03] INFO GET / 200 0ms
[2026-04-16 20:00:09] INFO GET /favicon.ico 304 12ms
[2026-04-16 20:02:16] INFO POST /users/login 400 0ms
[2026-04-16 20:02:41] INFO POST /users/login 400 0ms
[2026-04-16 20:08:43] INFO 监控数据已重置
[2026-04-16 20:09:37] INFO GET / 200 0ms
[2026-04-16 20:09:37] INFO GET / 200 0ms
[2026-04-16 20:09:38] INFO GET / 200 0ms
[2026-04-16 20:11:10] INFO POST /users/login 400 0ms
[2026-04-16 20:11:16] INFO POST /users/login 400 283ms
[2026-04-16 20:12:11] INFO GET /users/login 404 0ms
[2026-04-16 20:14:01] INFO GET /users/login 404 0ms
[2026-04-16 20:14:48] INFO POST /users/login 400 0ms
[2026-04-16 20:16:21] INFO POST /users/login 400 278ms
[2026-04-16 20:19:34] INFO POST /users/login 500 261ms
[2026-04-16 20:19:41] INFO POST /users/login 500 1ms
[2026-04-16 20:19:56] INFO POST /users/login 500 1ms
[2026-04-16 20:23:43] INFO 监控数据已重置
[2026-04-16 20:38:43] INFO 监控数据已重置
[2026-04-16 20:47:54] INFO GET / 200 0ms
[2026-04-16 20:48:56] INFO POST /users/register 400 12ms
[2026-04-16 20:49:17] INFO POST /users/register 400 0ms
[2026-04-16 20:49:27] INFO POST /users/register 200 38ms
[2026-04-16 21:05:35] INFO POST /users/register 200 11ms
[2026-04-16 21:06:49] INFO 监控数据已重置
[2026-04-16 21:09:07] INFO POST /users/login 400 3ms
[2026-04-16 21:09:43] INFO POST /users/login 500 834ms
[2026-04-16 21:09:55] INFO POST /users/login 200 19ms
[2026-04-16 21:21:49] INFO 监控数据已重置
[2026-04-16 21:35:43] INFO POST /users/login 500 1ms
[2026-04-16 21:36:49] INFO 监控数据已重置
[2026-04-16 21:40:29] INFO POST /users/login 400 1ms
[2026-04-16 21:40:55] INFO POST /users/login 400 0ms
[2026-04-16 21:41:01] INFO POST /users/login 400 0ms
[2026-04-16 21:41:03] INFO POST /users/login 400 858ms
[2026-04-16 21:41:21] INFO POST /users/login 400 0ms
[2026-04-16 21:46:32] INFO POST /users/login 400 0ms
[2026-04-16 21:46:43] INFO POST /users/login 400 0ms
[2026-04-16 21:46:43] INFO POST /users/login 400 0ms
[2026-04-16 21:46:46] INFO POST /users/login 400 0ms
[2026-04-16 21:47:18] INFO POST /users/login 400 0ms
[2026-04-16 21:47:40] INFO POST /users/login 400 836ms
[2026-04-16 21:50:16] INFO POST /users/login 400 0ms
[2026-04-16 21:51:49] INFO 监控数据已重置
[2026-04-16 21:54:00] INFO POST /users/login 400 0ms
[2026-04-16 21:54:20] INFO POST /users/register 400 0ms
[2026-04-16 21:55:47] INFO GET /terminal 404 0ms
[2026-04-16 21:56:48] INFO POST /users/register 400 0ms
[2026-04-16 21:56:50] INFO POST /users/register 400 0ms
[2026-04-16 21:56:51] INFO POST /users/register 400 0ms
[2026-04-16 21:57:12] INFO GET /users/login 404 0ms
[2026-04-16 21:58:03] INFO POST /users/send-email-verification 400 0ms
[2026-04-16 22:00:03] INFO GET /terminal 404 0ms
[2026-04-16 22:00:58] INFO POST /users/login 400 0ms
[2026-04-16 22:01:03] INFO POST /users/login 400 0ms
[2026-04-16 22:02:22] INFO POST /users/login 400 0ms
[2026-04-16 22:02:24] INFO POST /users/login 400 0ms
[2026-04-16 22:02:24] INFO POST /users/login 400 0ms
[2026-04-16 22:06:49] INFO 监控数据已重置
[2026-04-16 22:21:33] INFO POST /users/login 400 0ms
[2026-04-16 22:21:49] INFO 监控数据已重置
[2026-04-16 22:23:49] INFO POST /api/sensor/message 400 0ms
[2026-04-16 22:23:54] INFO POST /api/sensor/message 400 0ms
[2026-04-16 22:23:56] INFO GET / 200 0ms
[2026-04-16 22:23:57] INFO GET / 200 0ms
[2026-04-16 22:23:57] INFO POST /api/sensor/message 400 0ms
[2026-04-16 22:23:57] INFO GET / 200 0ms
[2026-04-16 22:23:58] INFO GET /aaabbbccc 404 0ms
[2026-04-16 22:23:58] INFO GET /1 404 0ms
[2026-04-16 22:23:59] INFO GET /fb 404 0ms
[2026-04-16 22:24:00] INFO GET /fwc 404 0ms
[2026-04-16 22:24:01] INFO GET /fzh 404 0ms
[2026-04-16 22:24:01] INFO GET /res/favicon.ico 404 0ms
[2026-04-16 22:24:02] INFO GET /assets/favicon-aOK6_042.ico 404 0ms
[2026-04-16 22:24:02] INFO POST /api/sensor/message 400 0ms
[2026-04-16 22:24:02] INFO GET /images/01.jpg 404 0ms
[2026-04-16 22:24:03] INFO GET /wp-content/uploads/2020/10/official-logo-512x512.png 404 0ms
[2026-04-16 22:24:04] INFO GET /wp-content/uploads/2023/02/1677572030-814390417fe413b.png 404 0ms
[2026-04-16 22:24:05] INFO GET /favicon.ico 200 85ms
[2026-04-16 22:24:07] INFO GET /icons/favicon.ico 404 0ms
[2026-04-16 22:24:07] INFO POST /api/sensor/message 400 0ms
[2026-04-16 22:24:08] INFO GET /wp-content/uploads/2023/08/logo-gold.png 404 0ms
[2026-04-16 22:24:08] INFO GET /favicon-32x32.png 404 0ms
[2026-04-16 22:24:09] INFO GET / 200 0ms
[2026-04-16 22:24:10] INFO GET /assets/GanjingAbout-0xqqgv2B.js 404 0ms
[2026-04-16 22:24:16] INFO POST /api/sensor/message 400 0ms
[2026-04-16 22:24:19] INFO POST /api/sensor/message 400 0ms
[2026-04-16 22:24:34] INFO GET / 200 0ms
[2026-04-16 22:24:39] INFO POST /api/sensor/message 400 0ms
[2026-04-16 22:24:43] INFO POST /api/sensor/message 400 0ms
[2026-04-16 22:24:50] INFO POST /api/sensor/message 400 0ms
[2026-04-16 22:24:53] INFO POST /api/sensor/message 400 0ms
[2026-04-16 22:24:59] INFO POST /api/sensor/message 400 0ms
[2026-04-16 22:25:04] INFO POST /api/sensor/message 400 0ms
[2026-04-16 22:25:09] INFO GET / 200 0ms
[2026-04-16 22:25:10] INFO GET / 200 0ms
[2026-04-16 22:25:11] INFO GET / 200 0ms
[2026-04-16 22:25:12] INFO GET /aaabbbccc 404 0ms
[2026-04-16 22:25:12] INFO GET /1 404 0ms
[2026-04-16 22:25:13] INFO GET /fb 404 0ms
[2026-04-16 22:25:14] INFO GET /favicon.ico 304 0ms
[2026-04-16 22:25:14] INFO GET /fwc 404 0ms
[2026-04-16 22:25:14] INFO GET /fzh 404 0ms
[2026-04-16 22:25:19] INFO GET / 200 0ms
[2026-04-16 22:25:44] INFO GET / 200 0ms
[2026-04-16 22:26:12] INFO POST /api/sensor/message 400 0ms
[2026-04-16 22:26:17] INFO POST /api/sensor/message 400 0ms
[2026-04-16 22:26:20] INFO POST /api/sensor/message 400 0ms
[2026-04-16 22:26:25] INFO POST /api/sensor/message 400 0ms
[2026-04-16 22:26:30] INFO POST /api/sensor/message 400 0ms
[2026-04-16 22:26:35] INFO POST /api/sensor/message 400 0ms
[2026-04-16 22:26:44] INFO POST /api/sensor/message 400 0ms
[2026-04-16 22:26:51] INFO POST /api/sensor/message 400 0ms
[2026-04-16 22:26:54] INFO POST /api/sensor/message 400 0ms
[2026-04-16 22:27:00] INFO POST /api/sensor/message 400 0ms
[2026-04-16 22:27:04] INFO POST /api/sensor/message 400 0ms
[2026-04-16 22:27:10] INFO POST /api/sensor/message 400 0ms
[2026-04-16 22:27:15] INFO POST /api/sensor/message 400 309ms
[2026-04-16 22:27:19] INFO POST /api/sensor/message 400 0ms
[2026-04-16 22:27:26] INFO POST /api/sensor/message 400 0ms
[2026-04-16 22:27:29] INFO POST /api/sensor/message 400 0ms
[2026-04-16 22:27:35] INFO POST /api/sensor/message 400 0ms
[2026-04-16 22:27:39] INFO POST /api/sensor/message 400 0ms
[2026-04-16 22:27:47] INFO POST /api/sensor/message 400 0ms
[2026-04-16 22:27:51] INFO POST /api/sensor/message 400 0ms
[2026-04-16 22:27:57] INFO POST /api/sensor/message 400 409ms
[2026-04-16 22:28:12] INFO POST /api/sensor/message 400 0ms
[2026-04-16 22:29:31] INFO POST /api/sensor/message 400 0ms
[2026-04-16 22:29:37] INFO POST /api/sensor/message 400 0ms
[2026-04-16 22:29:42] INFO POST /api/sensor/message 400 0ms
[2026-04-16 22:29:49] INFO POST /api/sensor/message 400 0ms
[2026-04-16 22:29:53] INFO POST /api/sensor/message 400 0ms
[2026-04-16 22:29:58] INFO POST /api/sensor/message 400 0ms
[2026-04-16 22:29:59] INFO GET / 200 0ms
[2026-04-16 22:30:04] INFO POST /api/sensor/message 400 2ms
[2026-04-16 22:30:07] INFO POST /api/sensor/message 400 0ms
[2026-04-16 22:30:13] INFO POST /api/sensor/message 400 0ms
[2026-04-16 22:30:19] INFO POST /api/sensor/message 400 0ms
[2026-04-16 22:30:20] INFO GET /robots.txt 304 1ms
[2026-04-16 22:30:24] INFO POST /api/sensor/message 400 0ms
[2026-04-16 22:30:28] INFO POST /api/sensor/message 400 1ms
[2026-04-16 22:30:33] INFO POST /api/sensor/message 400 0ms
[2026-04-16 22:30:42] INFO POST /api/sensor/message 400 0ms
[2026-04-16 22:30:47] INFO POST /api/sensor/message 400 0ms
[2026-04-16 22:30:47] WARN 🚨 URL错误警告: /api/sensor/message 在5分钟内出现50次错误(状态码: 400)
[2026-04-16 22:30:51] INFO POST /api/sensor/message 400 1ms
[2026-04-16 22:30:51] WARN 🚨 URL错误警告: /api/sensor/message 在5分钟内出现51次错误(状态码: 400)
[2026-04-16 22:30:56] INFO POST /api/sensor/message 400 0ms
[2026-04-16 22:30:56] WARN 🚨 URL错误警告: /api/sensor/message 在5分钟内出现52次错误(状态码: 400)
[2026-04-16 22:31:01] INFO POST /api/sensor/message 400 0ms
[2026-04-16 22:31:01] WARN 🚨 URL错误警告: /api/sensor/message 在5分钟内出现53次错误(状态码: 400)
[2026-04-16 22:31:05] INFO POST /api/sensor/message 400 0ms
[2026-04-16 22:31:05] WARN 🚨 URL错误警告: /api/sensor/message 在5分钟内出现54次错误(状态码: 400)
[2026-04-16 22:31:10] INFO POST /api/sensor/message 400 0ms
[2026-04-16 22:31:10] WARN 🚨 URL错误警告: /api/sensor/message 在5分钟内出现55次错误(状态码: 400)
[2026-04-16 22:31:15] INFO POST /api/sensor/message 400 0ms
[2026-04-16 22:31:15] WARN 🚨 URL错误警告: /api/sensor/message 在5分钟内出现56次错误(状态码: 400)
[2026-04-16 22:31:23] INFO POST /api/sensor/message 400 0ms
[2026-04-16 22:31:23] WARN 🚨 URL错误警告: /api/sensor/message 在5分钟内出现57次错误(状态码: 400)
[2026-04-16 22:31:28] INFO POST /api/sensor/message 400 0ms
[2026-04-16 22:31:28] WARN 🚨 URL错误警告: /api/sensor/message 在5分钟内出现58次错误(状态码: 400)
[2026-04-16 22:31:34] INFO POST /api/sensor/message 400 0ms
[2026-04-16 22:31:34] WARN 🚨 URL错误警告: /api/sensor/message 在5分钟内出现59次错误(状态码: 400)
[2026-04-16 22:31:38] INFO POST /api/sensor/message 400 0ms
[2026-04-16 22:31:38] WARN 🚨 URL错误警告: /api/sensor/message 在5分钟内出现60次错误(状态码: 400)
[2026-04-16 22:31:50] INFO POST /api/sensor/message 400 0ms
[2026-04-16 22:31:50] WARN 🚨 URL错误警告: /api/sensor/message 在5分钟内出现61次错误(状态码: 400)
[2026-04-16 22:31:53] INFO POST /api/sensor/message 400 0ms
[2026-04-16 22:31:53] WARN 🚨 URL错误警告: /api/sensor/message 在5分钟内出现62次错误(状态码: 400)
[2026-04-16 22:32:01] INFO POST /api/sensor/message 400 0ms
[2026-04-16 22:32:01] WARN 🚨 URL错误警告: /api/sensor/message 在5分钟内出现63次错误(状态码: 400)
[2026-04-16 22:32:05] INFO POST /api/sensor/message 400 0ms
[2026-04-16 22:32:05] WARN 🚨 URL错误警告: /api/sensor/message 在5分钟内出现64次错误(状态码: 400)
[2026-04-16 22:32:09] INFO POST /api/sensor/message 400 0ms
[2026-04-16 22:32:09] WARN 🚨 URL错误警告: /api/sensor/message 在5分钟内出现65次错误(状态码: 400)
[2026-04-16 22:32:15] INFO POST /api/sensor/message 400 0ms
[2026-04-16 22:32:15] WARN 🚨 URL错误警告: /api/sensor/message 在5分钟内出现66次错误(状态码: 400)
[2026-04-16 22:32:20] INFO POST /api/sensor/message 400 0ms
[2026-04-16 22:32:20] WARN 🚨 URL错误警告: /api/sensor/message 在5分钟内出现67次错误(状态码: 400)
[2026-04-16 22:32:25] INFO POST /api/sensor/message 400 0ms
[2026-04-16 22:32:25] WARN 🚨 URL错误警告: /api/sensor/message 在5分钟内出现68次错误(状态码: 400)
[2026-04-16 22:32:29] INFO POST /api/sensor/message 400 0ms
[2026-04-16 22:32:29] WARN 🚨 URL错误警告: /api/sensor/message 在5分钟内出现69次错误(状态码: 400)
[2026-04-16 22:32:34] INFO POST /api/sensor/message 400 410ms
[2026-04-16 22:32:34] WARN 🚨 URL错误警告: /api/sensor/message 在5分钟内出现70次错误(状态码: 400)
[2026-04-16 22:32:40] INFO POST /api/sensor/message 400 347ms
[2026-04-16 22:32:40] WARN 🚨 URL错误警告: /api/sensor/message 在5分钟内出现71次错误(状态码: 400)
[2026-04-16 22:32:45] INFO POST /api/sensor/message 400 0ms
[2026-04-16 22:32:45] WARN 🚨 URL错误警告: /api/sensor/message 在5分钟内出现72次错误(状态码: 400)
[2026-04-16 22:32:57] INFO POST /api/sensor/message 400 0ms
[2026-04-16 22:32:57] WARN 🚨 URL错误警告: /api/sensor/message 在5分钟内出现73次错误(状态码: 400)
[2026-04-16 22:33:00] INFO POST /api/sensor/message 400 0ms
[2026-04-16 22:33:00] WARN 🚨 URL错误警告: /api/sensor/message 在5分钟内出现74次错误(状态码: 400)
[2026-04-16 22:33:06] INFO POST /api/sensor/message 400 0ms
[2026-04-16 22:33:06] WARN 🚨 URL错误警告: /api/sensor/message 在5分钟内出现75次错误(状态码: 400)
[2026-04-16 22:33:10] INFO POST /api/sensor/message 400 0ms
[2026-04-16 22:33:10] WARN 🚨 URL错误警告: /api/sensor/message 在5分钟内出现76次错误(状态码: 400)
[2026-04-16 22:33:17] INFO POST /api/sensor/message 400 0ms
[2026-04-16 22:33:17] WARN 🚨 URL错误警告: /api/sensor/message 在5分钟内出现77次错误(状态码: 400)
[2026-04-16 22:33:20] INFO POST /api/sensor/message 400 0ms
[2026-04-16 22:33:20] WARN 🚨 URL错误警告: /api/sensor/message 在5分钟内出现78次错误(状态码: 400)
[2026-04-16 22:33:25] INFO POST /api/sensor/message 400 0ms
[2026-04-16 22:33:25] WARN 🚨 URL错误警告: /api/sensor/message 在5分钟内出现79次错误(状态码: 400)
[2026-04-16 22:33:30] INFO POST /api/sensor/message 400 0ms
[2026-04-16 22:33:30] WARN 🚨 URL错误警告: /api/sensor/message 在5分钟内出现80次错误(状态码: 400)
[2026-04-16 22:33:35] INFO POST /api/sensor/message 400 0ms
[2026-04-16 22:33:35] WARN 🚨 URL错误警告: /api/sensor/message 在5分钟内出现81次错误(状态码: 400)
[2026-04-16 22:33:41] INFO POST /api/sensor/message 400 363ms
[2026-04-16 22:33:41] WARN 🚨 URL错误警告: /api/sensor/message 在5分钟内出现82次错误(状态码: 400)
[2026-04-16 22:33:47] INFO POST /api/sensor/message 400 0ms
[2026-04-16 22:33:47] WARN 🚨 URL错误警告: /api/sensor/message 在5分钟内出现83次错误(状态码: 400)
[2026-04-16 22:33:51] INFO POST /api/sensor/message 400 0ms
[2026-04-16 22:33:51] WARN 🚨 URL错误警告: /api/sensor/message 在5分钟内出现84次错误(状态码: 400)
[2026-04-16 22:34:08] INFO POST /api/sensor/message 400 0ms
[2026-04-16 22:34:08] WARN 🚨 URL错误警告: /api/sensor/message 在5分钟内出现85次错误(状态码: 400)
[2026-04-16 22:34:11] INFO POST /api/sensor/message 400 0ms
[2026-04-16 22:34:11] WARN 🚨 URL错误警告: /api/sensor/message 在5分钟内出现86次错误(状态码: 400)
[2026-04-16 22:34:16] INFO POST /api/sensor/message 400 0ms
[2026-04-16 22:34:16] WARN 🚨 URL错误警告: /api/sensor/message 在5分钟内出现87次错误(状态码: 400)
[2026-04-16 22:34:21] INFO POST /api/sensor/message 400 0ms
[2026-04-16 22:34:21] WARN 🚨 URL错误警告: /api/sensor/message 在5分钟内出现88次错误(状态码: 400)
[2026-04-16 22:34:26] INFO POST /api/sensor/message 400 0ms
[2026-04-16 22:34:26] WARN 🚨 URL错误警告: /api/sensor/message 在5分钟内出现89次错误(状态码: 400)
[2026-04-16 22:34:44] INFO POST /api/sensor/message 202 1ms
[2026-04-16 22:34:57] INFO POST /api/sensor/message 202 0ms
[2026-04-16 22:35:03] INFO POST /api/sensor/message 202 0ms
[2026-04-16 22:35:06] INFO POST /api/sensor/message 202 0ms
[2026-04-16 22:35:11] INFO POST /api/sensor/message 202 0ms
[2026-04-16 22:35:18] INFO POST /api/sensor/message 202 369ms
[2026-04-16 22:35:22] INFO POST /api/sensor/message 202 0ms
[2026-04-16 22:35:33] INFO POST /api/sensor/message 202 0ms
[2026-04-16 22:35:36] INFO POST /api/sensor/message 202 0ms
[2026-04-16 22:35:42] INFO POST /api/sensor/message 202 0ms
[2026-04-16 22:35:47] INFO POST /api/sensor/message 202 0ms
[2026-04-16 22:35:51] INFO POST /api/sensor/message 202 0ms
[2026-04-16 22:35:56] INFO POST /api/sensor/message 202 0ms
[2026-04-16 22:36:02] INFO POST /api/sensor/message 202 0ms
[2026-04-16 22:36:06] INFO POST /api/sensor/message 202 0ms
[2026-04-16 22:36:11] INFO POST /api/sensor/message 202 0ms
[2026-04-16 22:36:17] INFO POST /api/sensor/message 202 0ms
[2026-04-16 22:36:21] INFO POST /users/login 500 11ms
[2026-04-16 22:36:21] INFO POST /api/sensor/message 202 3ms
[2026-04-16 22:36:27] INFO POST /users/login 500 1ms
[2026-04-16 22:36:28] INFO POST /api/sensor/message 202 0ms
[2026-04-16 22:36:35] INFO POST /api/sensor/message 202 0ms
[2026-04-16 22:36:37] INFO POST /api/sensor/message 202 0ms
[2026-04-16 22:36:42] INFO POST /api/sensor/message 202 0ms
[2026-04-16 22:36:44] INFO POST /users/login 500 1ms
[2026-04-16 22:36:49] INFO POST /users/login 500 2ms
[2026-04-16 22:36:49] INFO 监控数据已重置
[2026-04-16 22:36:51] INFO POST /api/sensor/message 202 0ms
[2026-04-16 22:36:55] INFO POST /api/sensor/message 202 0ms
[2026-04-16 22:36:59] INFO POST /api/sensor/message 202 453ms
[2026-04-16 22:37:09] INFO POST /api/sensor/message 202 0ms
[2026-04-16 22:37:33] INFO POST /users/login 400 0ms
[2026-04-16 22:37:38] INFO POST /users/login 400 0ms
[2026-04-16 22:38:16] INFO POST /users/login 400 0ms
[2026-04-16 22:39:19] INFO POST /users/login 500 2ms
[2026-04-16 22:39:47] INFO POST /users/login 500 1ms
[2026-04-16 22:42:26] INFO POST /users/register 200 4ms
[2026-04-16 22:42:26] INFO POST /users/register 200 4ms
[2026-04-16 22:43:27] INFO POST /users/register 200 2ms
[2026-04-16 22:43:33] INFO POST /users/login 200 15ms
[2026-04-16 22:44:05] INFO POST /users/login 500 1ms
[2026-04-16 22:51:49] INFO 监控数据已重置
[2026-04-16 23:06:49] INFO 监控数据已重置
