[2026-04-23 00:02:15] INFO GET / 200 0ms
[2026-04-23 00:02:17] INFO GET / 200 0ms
[2026-04-23 00:02:32] INFO POST /users/register 500 1ms
[2026-04-23 00:02:54] INFO POST /users/login 200 331ms
[2026-04-23 00:03:06] INFO GET /api/chain/list 200 1ms
[2026-04-23 00:03:12] INFO GET /api/board/list 200 1ms
[2026-04-23 00:03:17] INFO GET /api/settings 404 0ms
[2026-04-23 00:03:21] INFO GET /api/settings 404 0ms
[2026-04-23 00:08:23] INFO 监控数据已重置
[2026-04-23 00:23:23] INFO 监控数据已重置
[2026-04-23 00:23:59] INFO GET /api/settings 404 0ms
[2026-04-23 00:38:23] INFO 监控数据已重置
[2026-04-23 00:53:23] INFO 监控数据已重置
[2026-04-23 01:08:23] INFO 监控数据已重置
[2026-04-23 01:23:23] INFO 监控数据已重置
[2026-04-23 09:57:25] INFO 监控数据已重置
[2026-04-23 10:12:25] INFO 监控数据已重置
[2026-04-23 10:27:25] INFO 监控数据已重置
[2026-04-23 10:42:25] INFO 监控数据已重置
[2026-04-23 10:57:25] INFO 监控数据已重置
[2026-04-23 11:12:25] INFO 监控数据已重置
[2026-04-23 11:27:25] INFO 监控数据已重置
[2026-04-23 11:42:25] INFO 监控数据已重置
[2026-04-23 11:57:25] INFO 监控数据已重置
[2026-04-23 12:12:25] INFO 监控数据已重置
[2026-04-23 12:27:25] INFO 监控数据已重置
[2026-04-23 12:42:25] INFO 监控数据已重置
[2026-04-23 12:57:25] INFO 监控数据已重置
[2026-04-23 13:12:25] INFO 监控数据已重置
[2026-04-23 13:27:25] INFO 监控数据已重置
[2026-04-23 13:42:25] INFO 监控数据已重置
[2026-04-23 13:57:25] INFO 监控数据已重置
[2026-04-23 14:12:25] INFO 监控数据已重置
[2026-04-23 14:27:25] INFO 监控数据已重置
[2026-04-23 14:42:25] INFO 监控数据已重置
[2026-04-23 14:57:25] INFO 监控数据已重置
[2026-04-23 15:12:25] INFO 监控数据已重置
[2026-04-23 15:26:21] INFO GET / 200 1ms
[2026-04-23 15:26:22] INFO GET /favicon.ico 200 75ms
[2026-04-23 15:27:25] INFO 监控数据已重置
[2026-04-23 15:42:25] INFO 监控数据已重置
[2026-04-23 15:57:25] INFO 监控数据已重置
[2026-04-23 16:12:25] INFO 监控数据已重置
[2026-04-23 16:16:21] INFO GET /terminal 404 0ms
[2026-04-23 16:16:40] INFO GET /robots.txt 304 11ms
[2026-04-23 16:17:11] INFO GET / 200 0ms
[2026-04-23 16:17:12] INFO GET /favicon.ico 304 0ms
[2026-04-23 16:27:25] INFO 监控数据已重置
[2026-04-23 16:42:25] INFO 监控数据已重置
[2026-04-23 16:57:25] INFO 监控数据已重置
[2026-04-23 17:12:25] INFO 监控数据已重置
[2026-04-23 17:27:25] INFO 监控数据已重置
[2026-04-23 17:42:25] INFO 监控数据已重置
[2026-04-23 17:57:25] INFO 监控数据已重置
[2026-04-23 18:12:25] INFO 监控数据已重置
[2026-04-23 18:27:25] INFO 监控数据已重置
[2026-04-23 18:42:25] INFO 监控数据已重置
[2026-04-23 18:57:21] INFO 监控数据已重置
[2026-04-23 19:12:21] INFO 监控数据已重置
[2026-04-23 19:27:21] INFO 监控数据已重置
[2026-04-23 19:36:09] INFO GET /robots.txt 304 0ms
[2026-04-23 19:42:21] INFO 监控数据已重置
[2026-04-23 19:57:21] INFO 监控数据已重置
[2026-04-23 20:12:21] INFO 监控数据已重置
[2026-04-23 20:27:21] INFO 监控数据已重置
[2026-04-23 20:42:21] INFO 监控数据已重置
[2026-04-23 20:57:21] INFO 监控数据已重置
[2026-04-23 21:12:21] INFO 监控数据已重置
[2026-04-23 21:27:21] INFO 监控数据已重置
[2026-04-23 21:42:21] INFO 监控数据已重置
[2026-04-23 21:57:21] INFO 监控数据已重置
[2026-04-23 22:12:21] INFO 监控数据已重置
[2026-04-23 22:27:21] INFO 监控数据已重置
[2026-04-23 22:42:21] INFO 监控数据已重置
[2026-04-23 22:44:48] INFO GET /robots.txt 304 2ms
[2026-04-23 22:57:21] INFO 监控数据已重置
[2026-04-23 23:12:21] INFO 监控数据已重置
[2026-04-23 23:27:21] INFO 监控数据已重置
