[2026-04-28 12:10:43] INFO 监控数据已重置
[2026-04-28 12:25:43] INFO 监控数据已重置
[2026-04-28 15:24:37] INFO GET / 200 0ms
[2026-04-28 15:24:39] INFO GET /favicon.ico 200 114ms
[2026-04-28 15:35:59] INFO GET /api/board/list 401 12ms
[2026-04-28 15:36:08] INFO GET /api/settings 404 0ms
[2026-04-28 15:36:14] INFO GET /api/settings 404 0ms
[2026-04-28 15:36:20] INFO GET /api/backend/live 401 1ms
[2026-04-28 15:36:24] INFO GET /api/board/list 401 0ms
[2026-04-28 15:36:29] INFO GET /api/photo/latest 404 0ms
[2026-04-28 15:39:00] INFO GET /api/photo/latest 404 0ms
[2026-04-28 15:42:15] INFO GET /api/settings 404 0ms
[2026-04-28 15:43:52] INFO GET /api/settings 404 0ms
[2026-04-28 15:43:54] INFO GET /api/settings 404 0ms
[2026-04-28 15:43:56] INFO GET /api/settings 404 0ms
[2026-04-28 15:44:04] INFO GET /api/settings 404 0ms
[2026-04-28 15:44:47] INFO GET /api/settings 404 0ms
[2026-04-28 15:45:54] INFO GET /api/settings 404 0ms
[2026-04-28 15:45:54] INFO GET /api/photo/latest 404 0ms
[2026-04-28 15:45:55] INFO GET /api/settings 404 0ms
[2026-04-28 15:47:23] INFO 监控数据已重置
[2026-04-28 15:48:51] INFO GET /users/profile 404 0ms
[2026-04-28 15:48:53] INFO POST /users/send-email-verification 401 3ms
[2026-04-28 15:48:59] INFO POST /users/login 200 54ms
[2026-04-28 15:49:08] INFO GET /users/profile 404 0ms
[2026-04-28 15:49:09] INFO POST /users/send-email-verification 401 2ms
[2026-04-28 15:50:19] INFO POST /users/logout 404 0ms
[2026-04-28 15:50:20] INFO GET /api/photo/latest 404 0ms
[2026-04-28 15:50:22] INFO POST /users/login 200 7ms
[2026-04-28 15:50:26] INFO GET /api/settings 404 0ms
[2026-04-28 15:51:57] INFO POST /api/board/send-message 401 1ms
[2026-04-28 15:52:16] INFO POST /api/sensor/message 202 18426ms
[2026-04-28 15:52:16] WARN 🚨 慢请求警告: POST /api/sensor/message 耗时 18.4269302s
[2026-04-28 15:52:30] INFO GET /users/profile 404 0ms
[2026-04-28 15:52:32] INFO POST /users/send-email-verification 401 1ms
[2026-04-28 15:52:45] INFO POST /users/login 200 6ms
[2026-04-28 15:53:06] INFO GET /users/profile 404 0ms
[2026-04-28 15:53:07] INFO POST /users/send-email-verification 401 1ms
[2026-04-28 15:53:19] INFO GET /robots.txt 304 1ms
[2026-04-28 15:54:04] INFO GET /api/settings 404 0ms
[2026-04-28 15:54:41] INFO POST /users/login 200 5ms
[2026-04-28 15:54:55] INFO GET /users/profile 404 0ms
[2026-04-28 15:54:57] INFO POST /users/send-email-verification 401 1ms
[2026-04-28 15:54:58] INFO POST /api/chain/create 401 0ms
[2026-04-28 15:54:59] INFO GET /api/chain/list 401 0ms
[2026-04-28 15:55:00] INFO GET /api/board/list 401 0ms
[2026-04-28 15:55:02] INFO POST /terminal/message 401 0ms
[2026-04-28 15:55:03] INFO POST /terminal/message 401 0ms
[2026-04-28 15:55:05] INFO POST /terminal/message 401 0ms
[2026-04-28 15:55:06] INFO GET /api/backend/live/list 401 0ms
[2026-04-28 15:57:32] INFO GET /api/settings 404 0ms
[2026-04-28 15:57:33] INFO GET /api/chain/list 401 1ms
[2026-04-28 16:00:36] INFO GET /api/settings 404 0ms
[2026-04-28 16:00:37] INFO GET /api/settings 404 0ms
[2026-04-28 16:00:41] INFO POST /users/logout 404 0ms
[2026-04-28 16:00:44] INFO GET /api/settings 404 0ms
[2026-04-28 16:00:46] INFO POST /users/login 200 6ms
[2026-04-28 16:01:02] INFO GET /users/profile 404 0ms
[2026-04-28 16:01:03] INFO POST /users/send-email-verification 401 1ms
[2026-04-28 16:01:04] INFO POST /api/chain/create 401 0ms
[2026-04-28 16:01:06] INFO GET /api/chain/list 401 0ms
[2026-04-28 16:01:07] INFO GET /api/board/list 401 0ms
[2026-04-28 16:01:09] INFO GET /mavlink/connections 404 0ms
[2026-04-28 16:01:10] INFO GET /mavlink/v1/drone/status 401 0ms
[2026-04-28 16:01:11] INFO GET /mavlink/v1/drone/position 401 0ms
[2026-04-28 16:01:13] INFO POST /mavlink/v1/handler/create 401 0ms
[2026-04-28 16:01:15] INFO POST /mavlink/v1/connection/start 401 0ms
[2026-04-28 16:01:16] INFO POST /mavlink/v1/connection/stop 401 0ms
[2026-04-28 16:01:18] INFO GET /admin/all-profile 401 0ms
[2026-04-28 16:01:19] INFO POST /terminal/message 401 0ms
[2026-04-28 16:01:20] INFO POST /terminal/message 401 0ms
[2026-04-28 16:01:21] INFO POST /terminal/message 401 0ms
[2026-04-28 16:01:24] INFO GET /api/backend/live/list 401 0ms
[2026-04-28 16:01:38] INFO GET / 200 0ms
[2026-04-28 16:02:23] INFO 监控数据已重置
[2026-04-28 16:13:25] INFO GET /openapi.json 404 0ms
[2026-04-28 16:13:25] INFO GET /docs 404 0ms
[2026-04-28 16:13:25] INFO GET /swagger 404 0ms
[2026-04-28 16:13:27] INFO GET / 200 0ms
[2026-04-28 16:13:28] INFO GET / 200 0ms
[2026-04-28 16:13:41] INFO GET /users/profile 404 0ms
[2026-04-28 16:13:42] INFO GET /admin/all-profile 400 0ms
[2026-04-28 16:13:43] INFO GET /api/board/list 400 0ms
[2026-04-28 16:13:43] INFO GET /api/chain/list 400 0ms
[2026-04-28 16:13:43] INFO GET /mavlink/connections 404 0ms
[2026-04-28 16:13:44] INFO GET /admin/all-profile 400 0ms
[2026-04-28 16:13:44] INFO GET /api/board/list 400 0ms
[2026-04-28 16:13:45] INFO GET /admin/all-profile 400 0ms
[2026-04-28 16:13:45] INFO GET /terminal/message 404 0ms
[2026-04-28 16:13:45] INFO GET /api/chain/list 400 0ms
[2026-04-28 16:13:46] INFO GET /api/board/list 400 0ms
[2026-04-28 16:13:47] INFO GET /api/chain/list 400 0ms
[2026-04-28 16:14:33] INFO GET /users/profile 404 0ms
[2026-04-28 16:14:34] INFO GET /user/profile 404 0ms
[2026-04-28 16:14:34] INFO GET /api/users/profile 404 0ms
[2026-04-28 16:14:35] INFO GET /api/user/profile 404 0ms
[2026-04-28 16:14:35] INFO GET /profile 404 0ms
[2026-04-28 16:14:35] INFO GET /users/send-email-verification 404 0ms
[2026-04-28 16:14:36] INFO GET /api/users/send-email-verification 404 0ms
[2026-04-28 16:14:36] INFO GET /mavlink/connections 404 0ms
[2026-04-28 16:14:37] INFO GET /api/mavlink/connections 404 0ms
[2026-04-28 16:14:37] INFO GET /mavlink/v1/connections 404 0ms
[2026-04-28 16:14:37] INFO GET /api/mavlink/v1/connections 404 0ms
[2026-04-28 16:14:38] INFO GET /terminal/message 404 0ms
[2026-04-28 16:14:38] INFO GET /api/terminal/message 404 0ms
[2026-04-28 16:14:39] INFO GET /api/backend/live/list 400 0ms
[2026-04-28 16:14:40] INFO GET /backend/live/list 404 0ms
[2026-04-28 16:14:40] INFO GET /api/chain/list 400 0ms
[2026-04-28 16:14:40] INFO GET /chain/list 404 0ms
[2026-04-28 16:14:41] INFO GET /api/board/list 400 0ms
[2026-04-28 16:14:42] INFO GET /board/list 404 0ms
[2026-04-28 16:14:42] INFO GET /admin/all-profile 400 0ms
[2026-04-28 16:14:43] INFO GET /api/admin/all-profile 404 0ms
[2026-04-28 16:15:01] INFO GET /api/chain/list 400 0ms
[2026-04-28 16:15:01] INFO GET /api/board/list 400 0ms
[2026-04-28 16:15:02] INFO GET /admin/all-profile 400 0ms
[2026-04-28 16:15:03] INFO GET /api/backend/live/list 400 0ms
[2026-04-28 16:17:23] INFO 监控数据已重置
[2026-04-28 16:32:23] INFO 监控数据已重置
[2026-04-28 16:35:16] INFO GET / 200 0ms
[2026-04-28 16:37:15] INFO GET /api/settings 404 0ms
[2026-04-28 16:37:17] INFO POST /users/logout 404 0ms
[2026-04-28 16:37:17] INFO GET /api/settings 404 0ms
[2026-04-28 16:37:18] INFO GET /api/settings 404 0ms
[2026-04-28 16:37:32] INFO POST /users/login 200 18ms
[2026-04-28 16:37:53] INFO GET /users/profile 404 0ms
[2026-04-28 16:37:54] INFO POST /users/send-email-verification 401 1ms
[2026-04-28 16:37:57] INFO POST /api/chain/create 401 0ms
[2026-04-28 16:37:58] INFO GET /api/chain/list 401 0ms
[2026-04-28 16:37:59] INFO GET /api/board/list 401 0ms
[2026-04-28 16:38:00] INFO GET /api/sensor/status 500 42ms
[2026-04-28 16:38:03] INFO GET /mavlink/v1/drone/status 401 0ms
[2026-04-28 16:38:04] INFO GET /mavlink/v1/drone/position 401 0ms
[2026-04-28 16:38:05] INFO POST /mavlink/v1/handler/create 401 0ms
[2026-04-28 16:38:06] INFO POST /mavlink/v1/connection/start 401 0ms
[2026-04-28 16:38:07] INFO POST /mavlink/v1/connection/stop 401 0ms
[2026-04-28 16:38:08] INFO GET /admin/all-profile 401 0ms
[2026-04-28 16:38:09] INFO POST /terminal/message 401 0ms
[2026-04-28 16:38:11] INFO POST /terminal/message 401 0ms
[2026-04-28 16:38:13] INFO POST /terminal/message 401 0ms
[2026-04-28 16:38:14] INFO GET /api/backend/live/list 401 0ms
[2026-04-28 16:38:23] INFO POST /users/logout 404 0ms
[2026-04-28 16:38:55] INFO POST /users/register 400 5ms
[2026-04-28 16:39:07] INFO POST /users/login 200 5ms
[2026-04-28 16:39:21] INFO GET /users/profile 404 0ms
[2026-04-28 16:39:22] INFO POST /users/send-email-verification 401 1ms
[2026-04-28 16:39:24] INFO POST /api/chain/create 401 216ms
[2026-04-28 16:39:26] INFO GET /api/chain/list 401 0ms
[2026-04-28 16:39:28] INFO GET /api/board/list 401 0ms
[2026-04-28 16:39:31] INFO GET /api/sensor/status 500 48ms
[2026-04-28 16:39:32] INFO GET /mavlink/v1/drone/status 401 0ms
[2026-04-28 16:39:36] INFO GET /mavlink/v1/drone/position 401 0ms
[2026-04-28 16:39:38] INFO POST /mavlink/v1/handler/create 401 0ms
[2026-04-28 16:39:40] INFO POST /mavlink/v1/connection/start 401 0ms
[2026-04-28 16:39:42] INFO POST /mavlink/v1/connection/stop 401 0ms
[2026-04-28 16:39:44] INFO GET /admin/all-profile 401 0ms
[2026-04-28 16:39:47] INFO POST /terminal/message 401 0ms
[2026-04-28 16:39:49] INFO POST /terminal/message 401 0ms
[2026-04-28 16:39:50] INFO POST /terminal/message 401 0ms
[2026-04-28 16:39:53] INFO GET /api/backend/live/list 401 0ms
[2026-04-28 16:41:28] INFO GET /users/profile 404 0ms
[2026-04-28 16:41:29] INFO POST /users/send-email-verification 401 1ms
[2026-04-28 16:41:30] INFO POST /api/chain/create 401 0ms
[2026-04-28 16:41:32] INFO GET /api/chain/list 401 0ms
[2026-04-28 16:41:33] INFO GET /api/board/list 401 0ms
[2026-04-28 16:41:40] INFO GET /api/sensor/status 500 5000ms
[2026-04-28 16:41:40] WARN 🚨 慢请求警告: GET /api/sensor/status 耗时 5.0002766s
[2026-04-28 16:41:41] INFO GET /mavlink/v1/drone/status 401 1ms
[2026-04-28 16:41:42] INFO GET /mavlink/v1/drone/position 401 2ms
[2026-04-28 16:41:43] INFO POST /mavlink/v1/handler/create 401 0ms
[2026-04-28 16:41:45] INFO POST /mavlink/v1/connection/start 401 241ms
[2026-04-28 16:41:48] INFO POST /mavlink/v1/connection/stop 401 0ms
[2026-04-28 16:41:49] INFO GET /admin/all-profile 401 0ms
[2026-04-28 16:41:50] INFO POST /terminal/message 401 0ms
[2026-04-28 16:41:51] INFO POST /terminal/message 401 0ms
[2026-04-28 16:41:53] INFO POST /terminal/message 401 0ms
[2026-04-28 16:41:54] INFO GET /api/backend/live/list 401 0ms
[2026-04-28 16:45:01] INFO GET /users/profile 404 0ms
[2026-04-28 16:45:02] INFO GET /users/login 404 0ms
[2026-04-28 16:45:02] INFO GET /users/send-email-verification 404 0ms
[2026-04-28 16:45:15] INFO GET /swagger/index.html 404 0ms
[2026-04-28 16:45:44] INFO GET /api/chain/list 401 1ms
[2026-04-28 16:45:49] INFO POST /users/login 200 7ms
[2026-04-28 16:45:53] INFO GET /api/photo/latest 404 0ms
[2026-04-28 16:46:01] INFO GET /api/board/list 401 1ms
[2026-04-28 16:46:04] INFO POST /users/login 200 3ms
[2026-04-28 16:46:14] INFO GET /mavlink/v1/drone/position 401 1ms
[2026-04-28 16:46:14] INFO GET /api/backend/live 401 0ms
[2026-04-28 16:46:14] INFO GET /mavlink/v1/drone/status 401 0ms
[2026-04-28 16:47:23] INFO 监控数据已重置
[2026-04-28 16:47:51] INFO POST /users/login 200 4ms
[2026-04-28 16:48:04] INFO GET /mavlink/v1/drone/position 401 2ms
[2026-04-28 16:48:04] INFO GET /mavlink/v1/drone/status 401 11ms
[2026-04-28 16:48:04] INFO GET /api/settings 404 0ms
[2026-04-28 16:48:08] INFO POST /users/login 200 302ms
[2026-04-28 16:48:20] INFO GET /api/settings 404 0ms
[2026-04-28 16:48:27] INFO GET /api/settings 404 0ms
[2026-04-28 16:48:37] INFO GET /mavlink/v1/drone/position 401 1ms
[2026-04-28 16:48:37] INFO GET /api/backend/live 401 0ms
[2026-04-28 16:48:37] INFO GET /mavlink/v1/drone/status 401 0ms
[2026-04-28 16:49:56] INFO POST /users/login 200 6ms
[2026-04-28 16:50:28] INFO POST /api/chain/create 401 1ms
[2026-04-28 17:02:23] INFO 监控数据已重置
[2026-04-28 17:05:23] INFO GET /favicon.ico 200 78ms
[2026-04-28 17:05:23] INFO GET / 200 0ms
[2026-04-28 17:05:23] INFO GET / 200 0ms
[2026-04-28 17:05:24] INFO GET / 200 0ms
[2026-04-28 17:05:24] INFO GET /aaabbbccc 404 0ms
[2026-04-28 17:05:24] INFO GET /1 404 0ms
[2026-04-28 17:05:24] INFO GET /fb 404 0ms
[2026-04-28 17:05:24] INFO GET /fwc 404 0ms
[2026-04-28 17:05:25] INFO GET /fzh 404 0ms
[2026-04-28 17:05:25] INFO GET /res/favicon.ico 404 0ms
[2026-04-28 17:05:32] INFO GET /assets/favicon-aOK6_042.ico 404 0ms
[2026-04-28 17:05:32] INFO GET /images/01.jpg 404 0ms
[2026-04-28 17:05:33] INFO GET /wp-content/uploads/2020/10/official-logo-512x512.png 404 0ms
[2026-04-28 17:05:33] INFO GET /wp-content/uploads/2023/02/1677572030-814390417fe413b.png 404 0ms
[2026-04-28 17:05:34] INFO GET /icons/favicon.ico 404 0ms
[2026-04-28 17:05:34] INFO GET /wp-content/uploads/2023/08/logo-gold.png 404 0ms
[2026-04-28 17:05:35] INFO GET /favicon-32x32.png 404 0ms
[2026-04-28 17:05:35] INFO GET / 200 0ms
[2026-04-28 17:05:36] INFO GET /assets/GanjingAbout-0xqqgv2B.js 404 0ms
[2026-04-28 17:05:38] INFO GET /fzh 404 0ms
[2026-04-28 17:05:53] INFO GET / 200 0ms
[2026-04-28 17:06:04] INFO GET / 200 0ms
[2026-04-28 17:06:05] INFO GET / 200 0ms
[2026-04-28 17:06:07] INFO GET /aaabbbccc 404 0ms
[2026-04-28 17:06:08] INFO GET /1 404 0ms
[2026-04-28 17:06:10] INFO GET /fb 404 0ms
[2026-04-28 17:06:10] INFO GET /fwc 404 0ms
[2026-04-28 17:06:11] INFO GET /fzh 404 0ms
[2026-04-28 17:06:12] INFO GET / 200 0ms
[2026-04-28 17:06:13] INFO GET /res/favicon.ico 404 0ms
[2026-04-28 17:06:15] INFO GET /wp-content/uploads/2020/10/official-logo-512x512.png 404 0ms
[2026-04-28 17:06:17] INFO GET /wp-content/uploads/2023/02/1677572030-814390417fe413b.png 404 0ms
[2026-04-28 17:06:18] INFO GET /icons/favicon.ico 404 0ms
[2026-04-28 17:06:19] INFO GET / 200 0ms
[2026-04-28 17:06:21] INFO GET /assets/GanjingAbout-0xqqgv2B.js 404 0ms
[2026-04-28 17:06:23] INFO GET /favicon-32x32.png 404 0ms
[2026-04-28 17:06:24] INFO GET / 200 0ms
[2026-04-28 17:17:23] INFO 监控数据已重置
[2026-04-28 17:20:12] INFO POST /api/board/send-message 401 1ms
[2026-04-28 17:20:15] INFO POST /api/sensor/message 202 1846ms
[2026-04-28 17:20:15] WARN 🚨 慢请求警告: POST /api/sensor/message 耗时 1.8467512s
[2026-04-28 17:22:01] INFO POST /users/register 200 41ms
[2026-04-28 17:22:01] INFO POST /users/login 200 26ms
[2026-04-28 17:22:01] INFO POST /api/chain/create 401 0ms
[2026-04-28 17:22:01] INFO POST /users/register 200 21ms
[2026-04-28 17:22:01] INFO POST /users/login 200 8ms
[2026-04-28 17:22:01] INFO POST /mavlink/v1/handler/create 401 0ms
[2026-04-28 17:22:01] INFO POST /users/register 200 5ms
[2026-04-28 17:22:01] INFO POST /users/login 200 6ms
[2026-04-28 17:22:01] INFO POST /mavlink/v1/handler/create 401 0ms
[2026-04-28 17:22:01] INFO POST /users/delete/1032 401 0ms
[2026-04-28 17:22:07] INFO POST /users/register 200 4ms
[2026-04-28 17:22:07] INFO POST /users/login 200 4ms
[2026-04-28 17:22:09] INFO POST /api/sensor/message 202 1910ms
[2026-04-28 17:22:09] WARN 🚨 慢请求警告: POST /api/sensor/message 耗时 1.9100589s
[2026-04-28 17:32:23] INFO 监控数据已重置
[2026-04-28 17:33:04] INFO GET / 200 0ms
[2026-04-28 17:47:23] INFO 监控数据已重置
[2026-04-28 18:00:53] INFO GET /robots.txt 304 0ms
[2026-04-28 18:02:23] INFO 监控数据已重置
